{"numTotalTestSuites":42,"numPassedTestSuites":42,"numFailedTestSuites":0,"numPendingTestSuites":0,"numTotalTests":73,"numPassedTests":48,"numFailedTests":25,"numPendingTests":0,"numTodoTests":0,"startTime":1775594930656,"success":false,"testResults":[{"assertionResults":[{"ancestorTitles":["","App - Billing Integration"],"fullName":" App - Billing Integration debe mostrar la vista de facturaci├│n al hacer clic en Facturaci├│n","status":"passed","title":"debe mostrar la vista de facturaci├│n al hacer clic en Facturaci├│n","duration":389,"failureMessages":[]},{"ancestorTitles":["","App - Billing Integration"],"fullName":" App - Billing Integration debe cambiar el t├¡tulo al navegar a facturaci├│n","status":"passed","title":"debe cambiar el t├¡tulo al navegar a facturaci├│n","duration":93,"failureMessages":[]}],"startTime":1775594960238,"endTime":1775594960721,"status":"passed","message":"","name":"C:/Users/Admin/Desktop/Programa 01/src/App.test.jsx"},{"assertionResults":[{"ancestorTitles":["","processInvoice - Persistencia ACID"],"fullName":" processInvoice - Persistencia ACID debe crear una factura con transacci├│n ACID","status":"failed","title":"debe crear una factura con transacci├│n ACID","duration":28,"failureMessages":["Cannot read properties of null (reading 'prepare')"],"location":{"line":92,"column":19}},{"ancestorTitles":["","processInvoice - Persistencia ACID"],"fullName":" processInvoice - Persistencia ACID debe reducir el stock de insumos al procesar factura","status":"failed","title":"debe reducir el stock de insumos al procesar factura","duration":4,"failureMessages":["Cannot read properties of null (reading 'prepare')"],"location":{"line":92,"column":19}},{"ancestorTitles":["","processInvoice - Persistencia ACID"],"fullName":" processInvoice - Persistencia ACID debe crear asientos contables de ingreso y comisi├│n","status":"failed","title":"debe crear asientos contables de ingreso y comisi├│n","duration":2,"failureMessages":["Cannot read properties of null (reading 'prepare')"],"location":{"line":92,"column":19}},{"ancestorTitles":["","processInvoice - Persistencia ACID"],"fullName":" processInvoice - Persistencia ACID debe calcular IVA para servicios no exentos","status":"skipped","title":"debe calcular IVA para servicios no exentos","failureMessages":[]}],"startTime":1775594942156,"endTime":1775594942190,"status":"failed","message":"","name":"C:/Users/Admin/Desktop/Programa 01/src/db/manager.test.js"},{"assertionResults":[{"ancestorTitles":["","billingEngine","calculateTotals"],"fullName":" billingEngine calculateTotals debe retornar ceros para items vac├¡os","status":"passed","title":"debe retornar ceros para items vac├¡os","duration":3,"failureMessages":[]},{"ancestorTitles":["","billingEngine","calculateTotals"],"fullName":" billingEngine calculateTotals debe calcular correctamente para un servicio exento","status":"passed","title":"debe calcular correctamente para un servicio exento","duration":3,"failureMessages":[]},{"ancestorTitles":["","billingEngine","calculateTotals"],"fullName":" billingEngine calculateTotals debe calcular IVA para servicios no exentos","status":"passed","title":"debe calcular IVA para servicios no exentos","duration":1,"failureMessages":[]},{"ancestorTitles":["","billingEngine","calculateTotals"],"fullName":" billingEngine calculateTotals debe manejar m├║ltiples items con mixtos","status":"passed","title":"debe manejar m├║ltiples items con mixtos","duration":0,"failureMessages":[]},{"ancestorTitles":["","billingEngine","calculateTotals"],"fullName":" billingEngine calculateTotals debe manejar valores inv├ílidos gracefully","status":"passed","title":"debe manejar valores inv├ílidos gracefully","duration":2,"failureMessages":[]},{"ancestorTitles":["","billingEngine","calculateCommission"],"fullName":" billingEngine calculateCommission debe calcular comisi├│n al 10%","status":"passed","title":"debe calcular comisi├│n al 10%","duration":1,"failureMessages":[]},{"ancestorTitles":["","billingEngine","calculateCommission"],"fullName":" billingEngine calculateCommission debe calcular comisi├│n al 15%","status":"passed","title":"debe calcular comisi├│n al 15%","duration":0,"failureMessages":[]},{"ancestorTitles":["","billingEngine","calculateCommission"],"fullName":" billingEngine calculateCommission debe retornar 0 para valores inv├ílidos","status":"passed","title":"debe retornar 0 para valores inv├ílidos","duration":1,"failureMessages":[]},{"ancestorTitles":["","billingEngine","getRequiredInsumos"],"fullName":" billingEngine getRequiredInsumos debe consolidar insumos de m├║ltiples servicios","status":"passed","title":"debe consolidar insumos de m├║ltiples servicios","duration":2,"failureMessages":[]},{"ancestorTitles":["","billingEngine","getRequiredInsumos"],"fullName":" billingEngine getRequiredInsumos debe retornar array vac├¡o si no hay insumos","status":"passed","title":"debe retornar array vac├¡o si no hay insumos","duration":4,"failureMessages":[]}],"startTime":1775594942177,"endTime":1775594942197,"status":"passed","message":"","name":"C:/Users/Admin/Desktop/Programa 01/src/logic/billingEngine.test.js"},{"assertionResults":[{"ancestorTitles":["","serviceLogic"],"fullName":" serviceLogic debe registrar un servicio exitosamente en modo navegador","status":"passed","title":"debe registrar un servicio exitosamente en modo navegador","duration":12,"failureMessages":[]},{"ancestorTitles":["","serviceLogic"],"fullName":" serviceLogic debe validar campos obligatorios","status":"passed","title":"debe validar campos obligatorios","duration":2,"failureMessages":[]},{"ancestorTitles":["","serviceLogic"],"fullName":" serviceLogic debe eliminar un servicio","status":"passed","title":"debe eliminar un servicio","duration":3,"failureMessages":[]},{"ancestorTitles":["","serviceLogic"],"fullName":" serviceLogic debe traer la lista de insumos iniciales","status":"passed","title":"debe traer la lista de insumos iniciales","duration":1,"failureMessages":[]},{"ancestorTitles":["","serviceLogic"],"fullName":" serviceLogic debe actualizar un servicio y sus insumos","status":"passed","title":"debe actualizar un servicio y sus insumos","duration":2,"failureMessages":[]}],"startTime":1775594942177,"endTime":1775594942198,"status":"passed","message":"","name":"C:/Users/Admin/Desktop/Programa 01/src/logic/serviceLogic.test.js"},{"assertionResults":[{"ancestorTitles":["","Local Authentication System"],"fullName":" Local Authentication System should reject incorrect passwords","status":"failed","title":"should reject incorrect passwords","duration":11,"failureMessages":["Cannot read properties of null (reading 'exec')"],"location":{"line":9,"column":8}},{"ancestorTitles":["","Local Authentication System"],"fullName":" Local Authentication System should reject non-registered users","status":"failed","title":"should reject non-registered users","duration":2,"failureMessages":["Cannot read properties of null (reading 'exec')"],"location":{"line":9,"column":8}},{"ancestorTitles":["","Local Authentication System"],"fullName":" Local Authentication System should allow access to registered users with correct passwords","status":"failed","title":"should allow access to registered users with correct passwords","duration":1,"failureMessages":["Cannot read properties of null (reading 'exec')"],"location":{"line":9,"column":8}}],"startTime":1775594960340,"endTime":1775594960355,"status":"failed","message":"","name":"C:/Users/Admin/Desktop/Programa 01/tests/integration/auth.test.js"},{"assertionResults":[{"ancestorTitles":["","Doctor DB Integration (Real SQLite)"],"fullName":" Doctor DB Integration (Real SQLite) should insert a doctor and retrieve it","status":"failed","title":"should insert a doctor and retrieve it","duration":38,"failureMessages":["Cannot read properties of null (reading 'prepare')"],"location":{"line":124,"column":19}},{"ancestorTitles":["","Doctor DB Integration (Real SQLite)"],"fullName":" Doctor DB Integration (Real SQLite) should update an existing doctor","status":"failed","title":"should update an existing doctor","duration":2,"failureMessages":["Cannot read properties of null (reading 'prepare')"],"location":{"line":167,"column":19}},{"ancestorTitles":["","Doctor DB Integration (Real SQLite)"],"fullName":" Doctor DB Integration (Real SQLite) should soft-delete (deactivate) a doctor","status":"failed","title":"should soft-delete (deactivate) a doctor","duration":4,"failureMessages":["Cannot read properties of null (reading 'prepare')"],"location":{"line":167,"column":19}}],"startTime":1775594952355,"endTime":1775594952400,"status":"failed","message":"","name":"C:/Users/Admin/Desktop/Programa 01/tests/integration/doctorDb.integration.test.js"},{"assertionResults":[{"ancestorTitles":["","SQLite Local Persistence"],"fullName":" SQLite Local Persistence should insert a client and verify it persists after reconnection","status":"failed","title":"should insert a client and verify it persists after reconnection","duration":13,"failureMessages":["Cannot read properties of null (reading 'exec')"],"location":{"line":14,"column":9}}],"startTime":1775594958943,"endTime":1775594958956,"status":"failed","message":"","name":"C:/Users/Admin/Desktop/Programa 01/tests/integration/persistence.test.js"},{"assertionResults":[{"ancestorTitles":["","Services Integration Tests"],"fullName":" Services Integration Tests should render Services page without errors","status":"passed","title":"should render Services page without errors","duration":1156,"failureMessages":[]},{"ancestorTitles":["","Services Integration Tests"],"fullName":" Services Integration Tests should display services list with correct data","status":"passed","title":"should display services list with correct data","duration":267,"failureMessages":[]},{"ancestorTitles":["","Services Integration Tests"],"fullName":" Services Integration Tests should open service form when clicking Nuevo Servicio button","status":"failed","title":"should open service form when clicking Nuevo Servicio button","duration":1727,"failureMessages":["Unable to find an element with the text: Registrar Nuevo Servicio. This could be because the text is broken up by multiple elements. In this case, you can provide a function for your text matcher to make your matcher more flexible.\n\nIgnored nodes: comments, script, style\n\u001b[36m<body>\u001b[39m\n  \u001b[36m<div>\u001b[39m\n    \u001b[36m<div\u001b[39m\n      \u001b[33mclass\u001b[39m=\u001b[32m\"layout-container\"\u001b[39m\n    \u001b[36m>\u001b[39m\n      \u001b[36m<nav\u001b[39m\n        \u001b[33mclass\u001b[39m=\u001b[32m\"sidebar\"\u001b[39m\n      \u001b[36m>\u001b[39m\n        \u001b[36m<div\u001b[39m\n          \u001b[33mclass\u001b[39m=\u001b[32m\"logo\"\u001b[39m\n        \u001b[36m>\u001b[39m\n          \u001b[0mM├⌐dica\u001b[0m\n          \u001b[36m<span>\u001b[39m\n            \u001b[0mERP\u001b[0m\n          \u001b[36m</span>\u001b[39m\n        \u001b[36m</div>\u001b[39m\n        \u001b[36m<ul\u001b[39m\n          \u001b[33mclass\u001b[39m=\u001b[32m\"nav-links\"\u001b[39m\n        \u001b[36m>\u001b[39m\n          \u001b[36m<li\u001b[39m\n            \u001b[33mclass\u001b[39m=\u001b[32m\"\"\u001b[39m\n          \u001b[36m>\u001b[39m\n            \u001b[0mDashboard\u001b[0m\n          \u001b[36m</li>\u001b[39m\n          \u001b[36m<li\u001b[39m\n            \u001b[33mclass\u001b[39m=\u001b[32m\"\"\u001b[39m\n          \u001b[36m>\u001b[39m\n            \u001b[0mPacientes\u001b[0m\n          \u001b[36m</li>\u001b[39m\n          \u001b[36m<li\u001b[39m\n            \u001b[33mclass\u001b[39m=\u001b[32m\"\"\u001b[39m\n          \u001b[36m>\u001b[39m\n            \u001b[0mM├⌐dicos\u001b[0m\n          \u001b[36m</li>\u001b[39m\n          \u001b[36m<li\u001b[39m\n            \u001b[33mclass\u001b[39m=\u001b[32m\"active\"\u001b[39m\n          \u001b[36m>\u001b[39m\n            \u001b[0mServicios\u001b[0m\n          \u001b[36m</li>\u001b[39m\n          \u001b[36m<li\u001b[39m\n            \u001b[33mclass\u001b[39m=\u001b[32m\"\"\u001b[39m\n          \u001b[36m>\u001b[39m\n            \u001b[0mFacturaci├│n\u001b[0m\n          \u001b[36m</li>\u001b[39m\n          \u001b[36m<li>\u001b[39m\n            \u001b[0mInventario\u001b[0m\n          \u001b[36m</li>\u001b[39m\n          \u001b[36m<li>\u001b[39m\n            \u001b[0mLiquidaci├│n\u001b[0m\n          \u001b[36m</li>\u001b[39m\n        \u001b[36m</ul>\u001b[39m\n      \u001b[36m</nav>\u001b[39m\n      \u001b[36m<main\u001b[39m\n        \u001b[33mclass\u001b[39m=\u001b[32m\"main-content\"\u001b[39m\n      \u001b[36m>\u001b[39m\n        \u001b[36m<header\u001b[39m\n          \u001b[33mclass\u001b[39m=\u001b[32m\"topbar\"\u001b[39m\n        \u001b[36m>\u001b[39m\n          \u001b[36m<div\u001b[39m\n            \u001b[33mstyle\u001b[39m=\u001b[32m\"display: flex; align-items: center; gap: 16px;\"\u001b[39m\n          \u001b[36m>\u001b[39m\n            \u001b[36m<h2>\u001b[39m\n              \u001b[0mGesti├│n de Servicios\u001b[0m\n            \u001b[36m</h2>\u001b[39m\n          \u001b[36m</div>\u001b[39m\n          \u001b[36m<div\u001b[39m\n            \u001b[33mclass\u001b[39m=\u001b[32m\"user-profile\"\u001b[39m\n          \u001b[36m>\u001b[39m\n            \u001b[36m<button\u001b[39m\n              \u001b[33mclass\u001b[39m=\u001b[32m\"theme-toggle\"\u001b[39m\n            \u001b[36m>\u001b[39m\n              \u001b[0mΓÿÇ∩╕Å Modo Claro\u001b[0m\n            \u001b[36m</button>\u001b[39m\n            \u001b[36m<div\u001b[39m\n              \u001b[33mclass\u001b[39m=\u001b[32m\"avatar\"\u001b[39m\n            \u001b[36m>\u001b[39m\n              \u001b[0mAD\u001b[0m\n            \u001b[36m</div>\u001b[39m\n            \u001b[36m<span>\u001b[39m\n              \u001b[0mAdministrador\u001b[0m\n            \u001b[36m</span>\u001b[39m\n          \u001b[36m</div>\u001b[39m\n        \u001b[36m</header>\u001b[39m\n        \u001b[36m<div\u001b[39m\n          \u001b[33mclass\u001b[39m=\u001b[32m\"patient-list animate-in\"\u001b[39m\n        \u001b[36m>\u001b[39m\n          \u001b[36m<div\u001b[39m\n            \u001b[33mclass\u001b[39m=\u001b[32m\"search-bar-container\"\u001b[39m\n          \u001b[36m>\u001b[39m\n            \u001b[36m<div\u001b[39m\n              \u001b[33mclass\u001b[39m=\u001b[32m\"search-input-wrapper\"\u001b[39m\n              \u001b[33mstyle\u001b[39m=\u001b[32m\"flex: 1 1 0%; position: relative;\"\u001b[39m\n            \u001b[36m>\u001b[39m\n              \u001b[36m<input\u001b[39m\n                \u001b[33mclass\u001b[39m=\u001b[32m\"search-input glassmorphism\"\u001b[39m\n                \u001b[33mplaceholder\u001b[39m=\u001b[32m\"Buscar por servicio o m├⌐dico...\"\u001b[39m\n                \u001b[33mstyle\u001b[39m=\u001b[32m\"width: 100%; border-radius: 12px;\"\u001b[39m\n                \u001b[33mtype\u001b[39m=\u001b[32m\"text\"\u001b[39m\n                \u001b[33mvalue\u001b[39m=\u001b[32m\"\"\u001b[39m\n              \u001b[36m/>\u001b[39m\n            \u001b[36m</div>\u001b[39m\n            \u001b[36m<button\u001b[39m\n              \u001b[33mclass\u001b[39m=\u001b[32m\"btn-primary\"\u001b[39m\n            \u001b[36m>\u001b[39m\n              \u001b[36m<span>\u001b[39m\n                \u001b[0m+\u001b[0m\n              \u001b[36m</span>\u001b[39m\n              \u001b[0m Nuevo Servicio\u001b[0m\n            \u001b[36m</button>\u001b[39m\n          \u001b[36m</div>\u001b[39m\n          \u001b[36m<div\u001b[39m\n            \u001b[33mclass\u001b[39m=\u001b[32m\"table-wrapper glassmorphism\"\u001b[39m\n          \u001b[36m>\u001b[39m\n            \u001b[36m<table\u001b[39m\n              \u001b[33mclass\u001b[39m=\u001b[32m\"modern-table\"\u001b[39m\n            \u001b[36m>\u001b[39m\n              \u001b[36m<thead>\u001b[39m\n                \u001b[36m<tr>\u001b[39m\n                  \u001b[36m<th>\u001b[39m\n                    \u001b[0mServicio\u001b[0m\n                  \u001b[36m</th>\u001b[39m\n                  \u001b[36m<th>\u001b[39m\n                    \u001b[0mPrecio (USD)\u001b[0m\n                  \u001b[36m</th>\u001b[39m\n                  \u001b[36m<th>\u001b[39m\n                    \u001b[0mEstatus IVA\u001b[0m\n                  \u001b[36m</th>\u001b[39m\n                  \u001b[36m<th>\u001b[39m\n                    \u001b[0mM├⌐dico Defecto\u001b[0m\n                  \u001b[36m</th>\u001b[39m\n                  \u001b[36m<th>\u001b[39m\n                    \u001b[0mInsumos\u001b[0m\n                  \u001b[36m</th>\u001b[39m\n                  \u001b[36m<th>\u001b[39m\n                    \u001b[0mAcciones\u001b[0m\n                  \u001b[36m</th>\u001b[39m\n                \u001b[36m</tr>\u001b[39m\n              \u001b[36m</thead>\u001b[39m\n              \u001b[36m<tbody>\u001b[39m\n                \u001b[36m<tr>\u001b[39m\n                  \u001b[36m<td>\u001b[39m\n                    \u001b[36m<div\u001b[39m\n                      \u001b[33mstyle\u001b[39m=\u001b[32m\"display: flex; align-items: center; gap: 12px;\"\u001b[39m\n                    \u001b[36m>\u001b[39m\n                      \u001b[36m<div\u001b[39m\n                        \u001b[33mclass\u001b[39m=\u001b[32m\"avatar\"\u001b[39m\n                        \u001b[33mstyle\u001b[39m=\u001b[32m\"width: 32px; height: 32px; font-size: 0.8rem;\"\u001b[39m\n                      \u001b[36m>\u001b[39m\n                        \u001b[0mCO\u001b[0m\n                      \u001b[36m</div>\u001b[39m\n                      \u001b[36m<span\u001b[39m\n                        \u001b[33mstyle\u001b[39m=\u001b[32m\"font-weight: 600;\"\u001b[39m\n                      \u001b[36m>\u001b[39m\n                        \u001b[0mConsulta General\u001b[0m\n                      \u001b[36m</span>\u001b[39m\n                    \u001b[36m</div>\u001b[39m\n                  \u001b[36m</td>\u001b[39m\n                  \u001b[36m<td>\u001b[39m\n                    \u001b[36m<span\u001b[39m\n                      \u001b[33mclass\u001b[39m=\u001b[32m\"text-cyan\"\u001b[39m\n                      \u001b[33mstyle\u001b[39m=\u001b[32m\"font-weight: 700;\"\u001b[39m\n                    \u001b[36m>\u001b[39m\n                      \u001b[0m$\u001b[0m\n                      \u001b[0m30.00\u001b[0m\n                    \u001b[36m</span>\u001b[39m\n                  \u001b[36m</td>\u001b[39m\n                  \u001b[36m<td>\u001b[39m\n                    \u001b[36m<span\u001b[39m\n                      \u001b[33mclass\u001b[39m=\u001b[32m\"status-badge active\"\u001b[39m\n                    \u001b[36m>\u001b[39m\n                      \u001b[0mExento\u001b[0m\n                    \u001b[36m</span>\u001b[39m\n                  \u001b[36m</td>\u001b[39m\n                  \u001b[36m<td>\u001b[39m\n                    \u001b[36m<div\u001b[39m\n                      \u001b[33mstyle\u001b[39m=\u001b[32m\"display: flex; flex-direction: column;\"\u001b[39m\n                    \u001b[36m>\u001b[39m\n                      \u001b[36m<span\u001b[39m\n                        \u001b[33mstyle\u001b[39m=\u001b[32m\"font-size: 0.9rem;\"\u001b[39m\n                      \u001b[36m>\u001b[39m\n                        \u001b[0mNo asignado\u001b[0m\n                      \u001b[36m</span>\u001b[39m\n                    \u001b[36m</div>\u001b[39m\n                  \u001b[36m</td>\u001b[39m\n                  \u001b[36m<td>\u001b[39m\n                    \u001b[36m<div\u001b[39m\n                      \u001b[33mclass\u001b[39m=\u001b[32m\"tooltip-container\"\u001b[39m\n                    \u001b[36m>\u001b[39m\n                      \u001b[36m<span\u001b[39m\n                        \u001b[33mclass\u001b[39m=\u001b[32m\"commission-badge\"\u001b[39m\n                      \u001b[36m>\u001b[39m\n                        \u001b[0m0\u001b[0m\n                        \u001b[0m ├¡tems\u001b[0m\n                      \u001b[36m</span>\u001b[39m\n                    \u001b[36m</div>\u001b[39m\n                  \u001b[36m</td>\u001b[39m\n                  \u001b[36m<td>\u001b[39m\n                    \u001b[36m<div\u001b[39m\n                      \u001b[33mclass\u001b[39m=\u001b[32m\"action-buttons\"\u001b[39m\n                    \u001b[36m>\u001b[39m\n                      \u001b[36m<button\u001b[39m\n                        \u001b[33mclass\u001b[39m=\u001b[32m\"btn-view\"\u001b[39m\n                        \u001b[33mtitle\u001b[39m=\u001b[32m\"Editar\"\u001b[39m\n                      \u001b[36m>\u001b[39m\n                        \u001b[0mΓ£Å∩╕Å\u001b[0m\n                      \u001b[36m</button>\u001b[39m\n                      \u001b[36m<button\u001b[39m\n                        \u001b[33mclass\u001b[39m=\u001b[32m\"btn-delete\"\u001b[39m\n                        \u001b[33mtitle\u001b[39m=\u001b[32m\"Eliminar\"\u001b[39m\n                      \u001b[36m>\u001b[39m\n                        \u001b[0m≡ƒùæ∩╕Å\u001b[0m\n                      \u001b[36m</button>\u001b[39m\n                    \u001b[36m</div>\u001b[39m\n                  \u001b[36m</td>\u001b[39m\n                \u001b[36m</tr>\u001b[39m\n                \u001b[36m<tr>\u001b[39m\n                  \u001b[36m<td>\u001b[39m\n                    \u001b[36m<div\u001b[39m\n                      \u001b[33mstyle\u001b[39m=\u001b[32m\"display: flex; align-items: center; gap: 12px;\"\u001b[39m\n                    \u001b[36m>\u001b[39m\n                      \u001b[36m<div\u001b[39m\n                        \u001b[33mclass\u001b[39m=\u001b[32m\"avatar\"\u001b[39m\n                        \u001b[33mstyle\u001b[39m=\u001b[32m\"width: 32px; height: 32px; font-size: 0.8rem;\"\u001b[39m\n                      \u001b[36m>\u001b[39m\n                        \u001b[0mEL\u001b[0m\n                      \u001b[36m</div>\u001b[39m\n                      \u001b[36m<span\u001b[39m\n                        \u001b[33mstyle\u001b[39m=\u001b[32m\"font-weight: 600;\"\u001b[39m\n                      \u001b[36m>\u001b[39m\n                        \u001b[0mElectrocardiograma\u001b[0m\n                      \u001b[36m</span>\u001b[39m\n                    \u001b[36m</div>\u001b[39m\n                  \u001b[36m</td>\u001b[39m\n                  \u001b[36m<td>\u001b[39m\n                    \u001b[36m<span\u001b[39m\n                      \u001b[33mclass\u001b[39m=\u001b[32m\"text-cyan\"\u001b[39m\n                      \u001b[33mstyle\u001b[39m=\u001b[32m\"font-weight: 700;\"\u001b[39m\n                    \u001b[36m>\u001b[39m\n                      \u001b[0m$\u001b[0m\n                      \u001b[0m50.00\u001b[0m\n                    \u001b[36m</span>\u001b[39m\n                  \u001b[36m</td>\u001b[39m\n                  \u001b[36m<td>\u001b[39m\n                    \u001b[36m<span\u001b[39m\n                      \u001b[33mclass\u001b[39m=\u001b[32m\"status-badge inactive\"\u001b[39m\n                    \u001b[36m>\u001b[39m\n                      \u001b[0mIVA 16%\u001b[0m\n                    \u001b[36m</span>\u001b[39m\n                  \u001b[36m</td>\u001b[39m\n                  \u001b[36m<td>\u001b[39m\n                    \u001b[36m<div\u001b[39m\n                      \u001b[33mstyle\u001b[39m=\u001b[32m\"display: flex; flex-direction: column;\"\u001b[39m\n                    \u001b[36m>\u001b[39m\n                      \u001b[36m<span\u001b[39m\n                        \u001b[33mstyle\u001b[39m=\u001b[32m\"font-size: 0.9rem;\"\u001b[39m\n                      \u001b[36m>\u001b[39m\n                        \u001b[0mNo asignado\u001b[0m\n                      \u001b[36m</span>\u001b[39m\n                    \u001b[36m</div>\u001b[39m\n                  \u001b[36m</td>\u001b[39m\n                  \u001b[36m<td>\u001b[39m\n                    \u001b[36m<div\u001b[39m\n                      \u001b[33mclass\u001b[39m=\u001b[32m\"tooltip-container\"\u001b[39m\n                    \u001b[36m>\u001b[39m\n                      \u001b[36m<span\u001b[39m\n                        \u001b[33mclass\u001b[39m=\u001b[32m\"commission-badge\"\u001b[39m\n                      \u001b[36m>\u001b[39m\n                        \u001b[0m1\u001b[0m\n                        \u001b[0m ├¡tems\u001b[0m\n                      \u001b[36m</span>\u001b[39m\n                      \u001b[36m<div\u001b[39m\n                        \u001b[33mclass\u001b[39m=\u001b[32m\"tooltip-content glassmorphism\"\u001b[39m\n                      \u001b[36m>\u001b[39m\n                        \u001b[36m<div\u001b[39m\n                          \u001b[33mstyle\u001b[39m=\u001b[32m\"font-weight: bold; border-bottom: 1px solid var(--border-color); margin-bottom: 5px; padding-bottom: 3px;\"\u001b[39m\n                        \u001b[36m>\u001b[39m\n                          \u001b[0mReceta T├⌐cnica\u001b[0m\n                        \u001b[36m</div>\u001b[39m\n                        \u001b[36m<div\u001b[39m\n                          \u001b[33mstyle\u001b[39m=\u001b[32m\"font-size: 0.8rem; display: flex; justify-content: space-between; gap: 10px;\"\u001b[39m\n                        \u001b[36m>\u001b[39m\n                          \u001b[36m<span />\u001b[39m\n                          \u001b[36m<span\u001b[39m\n                            \u001b[33mstyle\u001b[39m=\u001b[32m\"font-weight: bold; color: var(--accent-cyan);\"\u001b[39m\n                          \u001b[36m>\u001b[39m\n                            \u001b[0mx\u001b[0m\n                            \u001b[0m1\u001b[0m\n                          \u001b[36m</span>\u001b[39m\n                        \u001b[36m</div>\u001b[39m\n                      \u001b[36m</div>\u001b[39m\n                    \u001b[36m</div>\u001b[39m\n                  \u001b[36m</td>\u001b[39m\n                  \u001b[36m<td>\u001b[39m\n                    \u001b[36m<div\u001b[39m\n                      \u001b[33mclass\u001b[39m=\u001b[32m\"action-buttons\"\u001b[39m\n                    \u001b[36m>\u001b[39m\n                      \u001b[36m<button\u001b[39m\n                        \u001b[33mclass\u001b[39m=\u001b[32m\"btn-view\"\u001b[39m\n                        \u001b[33mtitle\u001b[39m=\u001b[32m\"Editar\"\u001b[39m\n                      \u001b[36m>\u001b[39m\n                        \u001b[0mΓ£Å∩╕Å\u001b[0m\n                      \u001b[36m</button>\u001b[39m\n                      \u001b[36m<button\u001b[39m\n                        \u001b[33mclass\u001b[39m=\u001b[32m\"btn-delete\"\u001b[39m\n                        \u001b[33mtitle\u001b[39m=\u001b[32m\"Eliminar\"\u001b[39m\n                      \u001b[36m>\u001b[39m\n                        \u001b[0m≡ƒùæ∩╕Å\u001b[0m\n                      \u001b[36m</button>\u001b[39m\n                    \u001b[36m</div>\u001b[39m\n                  \u001b[36m</td>\u001b[39m\n                \u001b[36m</tr>\u001b[39m\n              \u001b[36m</tbody>\u001b[39m\n            \u001b[36m</table>\u001b[39m\n          \u001b[36m</div>\u001b[39m\n        \u001b[36m</div>\u001b[39m\n        \u001b[36m<div\u001b[39m\n          \u001b[33mclass\u001b[39m=\u001b[32m\"patient-form-overlay glassmorphism animate-in\"\u001b[39m\n        \u001b[36m>\u001b[39m\n          \u001b[36m<div\u001b[39m\n            \u001b[33mclass\u001b[39m=\u001b[32m\"patient-form-modal container-card\"\u001b[39m\n            \u001b[33mstyle\u001b[39m=\u001b[32m\"max-width: 700px;\"\u001b[39m\n          \u001b[36m>\u001b[39m\n            \u001b[36m<h3>\u001b[39m\n              \u001b[0mNuevo Servicio M├⌐dico\u001b[0m\n            \u001b[36m</h3>\u001b[39m\n            \u001b[36m<p\u001b[39m\n              \u001b[33mclass\u001b[39m=\u001b[32m\"subtitle\"\u001b[39m\n            \u001b[36m>\u001b[39m\n              \u001b[0mConfigure el precio y la receta t├⌐cnica del servicio.\u001b[0m\n            \u001b[36m</p>\u001b[39m\n            \u001b[36m<form\u001b[39m\n              \u001b[33mclass\u001b[39m=\u001b[32m\"patient-form-grid\"\u001b[39m\n            \u001b[36m>\u001b[39m\n              \u001b[36m<div\u001b[39m\n                \u001b[33mclass\u001b[39m=\u001b[32m\"form-group full-width\"\u001b[39m\n              \u001b[36m>\u001b[39m\n                \u001b[36m<label>\u001b[39m\n                  \u001b[0mNombre del Servicio *\u001b[0m\n                \u001b[36m</label>\u001b[39m\n                \u001b[36m<input\u001b[39m\n                  \u001b[33mname\u001b[39m=\u001b[32m\"nombre\"\u001b[39m\n                  \u001b[33mplaceholder\u001b[39m=\u001b[32m\"Ej. Consulta Especializada\"\u001b[39m\n                  \u001b[33mrequired\u001b[39m=\u001b[32m\"\"\u001b[39m\n                  \u001b[33mtype\u001b[39m=\u001b[32m\"text\"\u001b[39m\n                  \u001b[33mvalue\u001b[39m=\u001b[32m\"\"\u001b[39m\n                \u001b[36m/>\u001b[39m\n              \u001b[36m</div>\u001b[39m\n              \u001b[36m<div\u001b[39m\n                \u001b[33mclass\u001b[39m=\u001b[32m\"form-group\"\u001b[39m\n              \u001b[36m>\u001b[39m\n                \u001b[36m<label>\u001b[39m\n                  \u001b[0mPrecio (USD) *\u001b[0m\n                \u001b[36m</label>\u001b[39m\n                \u001b[36m<input\u001b[39m\n                  \u001b[33mname\u001b[39m=\u001b[32m\"precio_usd\"\u001b[39m\n                  \u001b[33mplaceholder\u001b[39m=\u001b[32m\"0.00\"\u001b[39m\n                  \u001b[33mrequired\u001b[39m=\u001b[32m\"\"\u001b[39m\n                  \u001b[33mstep\u001b[39m=\u001b[32m\"0.01\"\u001b[39m\n                  \u001b[33mtype\u001b[39m=\u001b[32m\"number\"\u001b[39m\n                  \u001b[33mvalue\u001b[39m=\u001b[32m\"\"\u001b[39m\n                \u001b[36m/>\u001b[39m\n              \u001b[36m</div>\u001b[39m\n              \u001b[36m<div\u001b[39m\n                \u001b[33mclass\u001b[39m=\u001b[32m\"form-group\"\u001b[39m\n              \u001b[36m>\u001b[39m\n                \u001b[36m<label>\u001b[39m\n                  \u001b[0mM├⌐dico por defecto\u001b[0m\n                \u001b[36m</label>\u001b[39m\n                \u001b[36m<select\u001b[39m\n                  \u001b[33mname\u001b[39m=\u001b[32m\"id_medico_defecto\"\u001b[39m\n                \u001b[36m>\u001b[39m\n                  \u001b[36m<option\u001b[39m\n                    \u001b[33mvalue\u001b[39m=\u001b[32m\"\"\u001b[39m\n                  \u001b[36m>\u001b[39m\n                    \u001b[0mSeleccione un m├⌐dico...\u001b[0m\n                  \u001b[36m</option>\u001b[39m\n                  \u001b[36m<option\u001b[39m\n                    \u001b[33mvalue\u001b[39m=\u001b[32m\"1\"\u001b[39m\n                  \u001b[36m>\u001b[39m\n                    \u001b[0mDr. Gregory House\u001b[0m\n                  \u001b[36m</option>\u001b[39m\n                  \u001b[36m<option\u001b[39m\n                    \u001b[33mvalue\u001b[39m=\u001b[32m\"2\"\u001b[39m\n                  \u001b[36m>\u001b[39m\n                    \u001b[0mDra. Allison Cameron\u001b[0m\n                  \u001b[36m</option>\u001b[39m\n                \u001b[36m</select>\u001b[39m\n              \u001b[36m</div>\u001b[39m\n              \u001b[36m<div\u001b[39m\n                \u001b[33mclass\u001b[39m=\u001b[32m\"form-group full-width\"\u001b[39m\n                \u001b[33mstyle\u001b[39m=\u001b[32m\"display: flex; align-items: center; gap: 10px;\"\u001b[39m\n              \u001b[36m>\u001b[39m\n                \u001b[36m<input\u001b[39m\n                  \u001b[33mchecked\u001b[39m=\u001b[32m\"\"\u001b[39m\n                  \u001b[33mid\u001b[39m=\u001b[32m\"es_exento\"\u001b[39m\n                  \u001b[33mname\u001b[39m=\u001b[32m\"es_exento\"\u001b[39m\n                  \u001b[33mtype\u001b[39m=\u001b[32m\"checkbox\"\u001b[39m\n                \u001b[36m/>\u001b[39m\n                \u001b[36m<label\u001b[39m\n                  \u001b[33mfor\u001b[39m=\u001b[32m\"es_exento\"\u001b[39m\n                  \u001b[33mstyle\u001b[39m=\u001b[32m\"cursor: pointer; margin-bottom: 0px;\"\u001b[39m\n                \u001b[36m>\u001b[39m\n                  \u001b[0mServicio Exento de IVA\u001b[0m\n                \u001b[36m</label>\u001b[39m\n              \u001b[36m</div>\u001b[39m\n              \u001b[36m<hr\u001b[39m\n                \u001b[33mclass\u001b[39m=\u001b[32m\"full-width\"\u001b[39m\n                \u001b[33mstyle\u001b[39m=\u001b[32m\"margin: 15px 0px; border-top: 1px solid var(--border-color); border-right: 0px; border-bottom: 0px; border-left: 0px; border-image: none;\"\u001b[39m\n              \u001b[36m/>\u001b[39m\n              \u001b[36m<div\u001b[39m\n                \u001b[33mclass\u001b[39m=\u001b[32m\"full-width\"\u001b[39m\n              \u001b[36m>\u001b[39m\n                \u001b[36m<h4>\u001b[39m\n                  \u001b[0mInsumos Asociados (Receta T├⌐cnica)\u001b[0m\n                \u001b[36m</h4>\u001b[39m\n                \u001b[36m<div\u001b[39m\n                  \u001b[33mstyle\u001b[39m=\u001b[32m\"display: flex; gap: 10px; margin-top: 10px;\"\u001b[39m\n                \u001b[36m>\u001b[39m\n                  \u001b[36m<select\u001b[39m\n                    \u001b[33mstyle\u001b[39m=\u001b[32m\"flex: 2 1 0%;\"\u001b[39m\n                  \u001b[36m>\u001b[39m\n                    \u001b[36m<option\u001b[39m\n                      \u001b[33mvalue\u001b[39m=\u001b[32m\"\"\u001b[39m\n                    \u001b[36m>\u001b[39m\n                      \u001b[0mSeleccionar Insumo...\u001b[0m\n                    \u001b[36m</option>\u001b[39m\n                    \u001b[36m<option\u001b[39m\n                      \u001b[33mvalue\u001b[39m=\u001b[32m\"1\"\u001b[39m\n                    \u001b[36m>\u001b[39m\n                      \u001b[0mGuantes de L├ítex\u001b[0m\n                      \u001b[0m (\u001b[0m\n                      \u001b[0mPar\u001b[0m\n                      \u001b[0m)\u001b[0m\n                    \u001b[36m</option>\u001b[39m\n                    \u001b[36m<option\u001b[39m\n                      \u001b[33mvalue\u001b[39m=\u001b[32m\"2\"\u001b[39m\n                    \u001b[36m>\u001b[39m\n                      \u001b[0mJeringa 5ml\u001b[0m\n                      \u001b[0m (\u001b[0m\n                      \u001b[0mUnidad\u001b[0m\n                      \u001b[0m)\u001b[0m\n                    \u001b[36m</option>\u001b[39m\n                  \u001b[36m</select>\u001b[39m\n                  \u001b[36m<input\u001b[39m\n                    \u001b[33mmin\u001b[39m=\u001b[32m\"1\"\u001b[39m\n                    \u001b[33mplaceholder\u001b[39m=\u001b[32m\"Cant.\"\u001b[39m\n                    \u001b[33mstyle\u001b[39m=\u001b[32m\"flex: 1 1 0%;\"\u001b[39m\n                    \u001b[33mtype\u001b[39m=\u001b[32m\"number\"\u001b[39m\n                    \u001b[33mvalue\u001b[39m=\u001b[32m\"1\"\u001b[39m\n                  \u001b[36m/>\u001b[39m\n                  \u001b[36m<button\u001b[39m\n                    \u001b[33mclass\u001b[39m=\u001b[32m\"btn-secondary\"\u001b[39m\n                    \u001b[33mtype\u001b[39m=\u001b[32m\"button\"\u001b[39m\n                  \u001b[36m>\u001b[39m\n                    \u001b[0mA├▒adir\u001b[0m\n                  \u001b[36m</button>\u001b[39m\n                \u001b[36m</div>\u001b[39m\n                \u001b[36m<div\u001b[39m\n                  \u001b[33mclass\u001b[39m=\u001b[32m\"insumos-tags\"\u001b[39m\n                  \u001b[33mstyle\u001b[39m=\u001b[32m\"display: grid; grid-template-columns: 1fr 1fr; gap: 10px; margin-top: 15px;\"\u001b[39m\n                \u001b[36m>\u001b[39m\n                  \u001b[36m<p\u001b[39m\n                    \u001b[33mclass\u001b[39m=\u001b[32m\"subtitle full-width\"\u001b[39m\n                  \u001b[36m>\u001b[39m\n                    \u001b[0mNo hay insumos a├▒adidos a la receta t├⌐cnica.\u001b[0m\n                  \u001b[36m</p>\u001b[39m\n                \u001b[36m</div>\u001b[39m\n              \u001b[36m</div>\u001b[39m\n              \u001b[36m<div\u001b[39m\n                \u001b[33mclass\u001b[39m=\u001b[32m\"form-actions full-width\"\u001b[39m\n                \u001b[33mstyle\u001b[39m=\u001b[32m\"margin-top: 20px;\"\u001b[39m\n              \u001b[36m>\u001b[39m\n                \u001b[36m<button\u001b[39m\n                  \u001b[33mclass\u001b[39m=\u001b[32m\"btn-secondary\"\u001b[39m\n                  \u001b[33mtype\u001b[39m=\u001b[32m\"button\"\u001b[39m\n                \u001b[36m>\u001b[39m\n                  \u001b[0mCancelar\u001b[0m\n                \u001b[36m</button>\u001b[39m\n                \u001b[36m<button\u001b[39m\n                  \u001b[33mclass\u001b[39m=\u001b[32m\"btn-primary\"\u001b[39m\n                  \u001b[33mtype\u001b[39m=\u001b[32m\"submit\"\u001b[39m\n                \u001b[36m>\u001b[39m\n                  \u001b[0mGuardar Servicio\u001b[0m\n                \u001b[36m</button>\u001b[39m\n              \u001b[36m</div>\u001b[39m\n            \u001b[36m</form>\u001b[39m\n          \u001b[36m</div>\u001b[39m\n        \u001b[36m</div>\u001b[39m\n      \u001b[36m</main>\u001b[39m\n    \u001b[36m</div>\u001b[39m\n  \u001b[36m</div>\u001b[39m\n\u001b[36m</body>\u001b[39m\n\nIgnored nodes: comments, script, style\n\u001b[36m<html>\u001b[39m\n  \u001b[36m<head />\u001b[39m\n  \u001b[36m<body>\u001b[39m\n    \u001b[36m<div>\u001b[39m\n      \u001b[36m<div\u001b[39m\n        \u001b[33mclass\u001b[39m=\u001b[32m\"layout-container\"\u001b[39m\n      \u001b[36m>\u001b[39m\n        \u001b[36m<nav\u001b[39m\n          \u001b[33mclass\u001b[39m=\u001b[32m\"sidebar\"\u001b[39m\n        \u001b[36m>\u001b[39m\n          \u001b[36m<div\u001b[39m\n            \u001b[33mclass\u001b[39m=\u001b[32m\"logo\"\u001b[39m\n          \u001b[36m>\u001b[39m\n            \u001b[0mM├⌐dica\u001b[0m\n            \u001b[36m<span>\u001b[39m\n              \u001b[0mERP\u001b[0m\n            \u001b[36m</span>\u001b[39m\n          \u001b[36m</div>\u001b[39m\n          \u001b[36m<ul\u001b[39m\n            \u001b[33mclass\u001b[39m=\u001b[32m\"nav-links\"\u001b[39m\n          \u001b[36m>\u001b[39m\n            \u001b[36m<li\u001b[39m\n              \u001b[33mclass\u001b[39m=\u001b[32m\"\"\u001b[39m\n            \u001b[36m>\u001b[39m\n              \u001b[0mDashboard\u001b[0m\n            \u001b[36m</li>\u001b[39m\n            \u001b[36m<li\u001b[39m\n              \u001b[33mclass\u001b[39m=\u001b[32m\"\"\u001b[39m\n            \u001b[36m>\u001b[39m\n              \u001b[0mPacientes\u001b[0m\n            \u001b[36m</li>\u001b[39m\n            \u001b[36m<li\u001b[39m\n              \u001b[33mclass\u001b[39m=\u001b[32m\"\"\u001b[39m\n            \u001b[36m>\u001b[39m\n              \u001b[0mM├⌐dicos\u001b[0m\n            \u001b[36m</li>\u001b[39m\n            \u001b[36m<li\u001b[39m\n              \u001b[33mclass\u001b[39m=\u001b[32m\"active\"\u001b[39m\n            \u001b[36m>\u001b[39m\n              \u001b[0mServicios\u001b[0m\n            \u001b[36m</li>\u001b[39m\n            \u001b[36m<li\u001b[39m\n              \u001b[33mclass\u001b[39m=\u001b[32m\"\"\u001b[39m\n            \u001b[36m>\u001b[39m\n              \u001b[0mFacturaci├│n\u001b[0m\n            \u001b[36m</li>\u001b[39m\n            \u001b[36m<li>\u001b[39m\n              \u001b[0mInventario\u001b[0m\n            \u001b[36m</li>\u001b[39m\n            \u001b[36m<li>\u001b[39m\n              \u001b[0mLiquidaci├│n\u001b[0m\n            \u001b[36m</li>\u001b[39m\n          \u001b[36m</ul>\u001b[39m\n        \u001b[36m</nav>\u001b[39m\n        \u001b[36m<main\u001b[39m\n          \u001b[33mclass\u001b[39m=\u001b[32m\"main-content\"\u001b[39m\n        \u001b[36m>\u001b[39m\n          \u001b[36m<header\u001b[39m\n            \u001b[33mclass\u001b[39m=\u001b[32m\"topbar\"\u001b[39m\n          \u001b[36m>\u001b[39m\n            \u001b[36m<div\u001b[39m\n              \u001b[33mstyle\u001b[39m=\u001b[32m\"display: flex; align-items: center; gap: 16px;\"\u001b[39m\n            \u001b[36m>\u001b[39m\n              \u001b[36m<h2>\u001b[39m\n                \u001b[0mGesti├│n de Servicios\u001b[0m\n              \u001b[36m</h2>\u001b[39m\n            \u001b[36m</div>\u001b[39m\n            \u001b[36m<div\u001b[39m\n              \u001b[33mclass\u001b[39m=\u001b[32m\"user-profile\"\u001b[39m\n            \u001b[36m>\u001b[39m\n              \u001b[36m<button\u001b[39m\n                \u001b[33mclass\u001b[39m=\u001b[32m\"theme-toggle\"\u001b[39m\n              \u001b[36m>\u001b[39m\n                \u001b[0mΓÿÇ∩╕Å Modo Claro\u001b[0m\n              \u001b[36m</button>\u001b[39m\n              \u001b[36m<div\u001b[39m\n                \u001b[33mclass\u001b[39m=\u001b[32m\"avatar\"\u001b[39m\n              \u001b[36m>\u001b[39m\n                \u001b[0mAD\u001b[0m\n              \u001b[36m</div>\u001b[39m\n              \u001b[36m<span>\u001b[39m\n                \u001b[0mAdministrador\u001b[0m\n              \u001b[36m</span>\u001b[39m\n            \u001b[36m</div>\u001b[39m\n          \u001b[36m</header>\u001b[39m\n          \u001b[36m<div\u001b[39m\n            \u001b[33mclass\u001b[39m=\u001b[32m\"patient-list animate-in\"\u001b[39m\n          \u001b[36m>\u001b[39m\n            \u001b[36m<div\u001b[39m\n              \u001b[33mclass\u001b[39m=\u001b[32m\"search-bar-container\"\u001b[39m\n            \u001b[36m>\u001b[39m\n              \u001b[36m<div\u001b[39m\n                \u001b[33mclass\u001b[39m=\u001b[32m\"search-input-wrapper\"\u001b[39m\n                \u001b[33mstyle\u001b[39m=\u001b[32m\"flex: 1 1 0%; position: relative;\"\u001b[39m\n              \u001b[36m>\u001b[39m\n                \u001b[36m<input\u001b[39m\n                  \u001b[33mclass\u001b[39m=\u001b[32m\"search-input glassmorphism\"\u001b[39m\n                  \u001b[33mplaceholder\u001b[39m=\u001b[32m\"Buscar por servicio o m├⌐dico...\"\u001b[39m\n                  \u001b[33mstyle\u001b[39m=\u001b[32m\"width: 100%; border-radius: 12px;\"\u001b[39m\n                  \u001b[33mtype\u001b[39m=\u001b[32m\"text\"\u001b[39m\n                  \u001b[33mvalue\u001b[39m=\u001b[32m\"\"\u001b[39m\n                \u001b[36m/>\u001b[39m\n              \u001b[36m</div>\u001b[39m\n              \u001b[36m<button\u001b[39m\n                \u001b[33mclass\u001b[39m=\u001b[32m\"btn-primary\"\u001b[39m\n              \u001b[36m>\u001b[39m\n                \u001b[36m<span>\u001b[39m\n                  \u001b[0m+\u001b[0m\n                \u001b[36m</span>\u001b[39m\n                \u001b[0m Nuevo Servicio\u001b[0m\n              \u001b[36m</button>\u001b[39m\n            \u001b[36m</div>\u001b[39m\n            \u001b[36m<div\u001b[39m\n              \u001b[33mclass\u001b[39m=\u001b[32m\"table-wrapper glassmorphism\"\u001b[39m\n            \u001b[36m>\u001b[39m\n              \u001b[36m<table\u001b[39m\n                \u001b[33mclass\u001b[39m=\u001b[32m\"modern-table\"\u001b[39m\n              \u001b[36m>\u001b[39m\n                \u001b[36m<thead>\u001b[39m\n                  \u001b[36m<tr>\u001b[39m\n                    \u001b[36m<th>\u001b[39m\n                      \u001b[0mServicio\u001b[0m\n                    \u001b[36m</th>\u001b[39m\n                    \u001b[36m<th>\u001b[39m\n                      \u001b[0mPrecio (USD)\u001b[0m\n                    \u001b[36m</th>\u001b[39m\n                    \u001b[36m<th>\u001b[39m\n                      \u001b[0mEstatus IVA\u001b[0m\n                    \u001b[36m</th>\u001b[39m\n                    \u001b[36m<th>\u001b[39m\n                      \u001b[0mM├⌐dico Defecto\u001b[0m\n                    \u001b[36m</th>\u001b[39m\n                    \u001b[36m<th>\u001b[39m\n                      \u001b[0mInsumos\u001b[0m\n                    \u001b[36m</th>\u001b[39m\n                    \u001b[36m<th>\u001b[39m\n                      \u001b[0mAcciones\u001b[0m\n                    \u001b[36m</th>\u001b[39m\n                  \u001b[36m</tr>\u001b[39m\n                \u001b[36m</thead>\u001b[39m\n                \u001b[36m<tbody>\u001b[39m\n                  \u001b[36m<tr>\u001b[39m\n                    \u001b[36m<td>\u001b[39m\n                      \u001b[36m<div\u001b[39m\n                        \u001b[33mstyle\u001b[39m=\u001b[32m\"display: flex; align-items: center; gap: 12px;\"\u001b[39m\n                      \u001b[36m>\u001b[39m\n                        \u001b[36m<div\u001b[39m\n                          \u001b[33mclass\u001b[39m=\u001b[32m\"avatar\"\u001b[39m\n                          \u001b[33mstyle\u001b[39m=\u001b[32m\"width: 32px; height: 32px; font-size: 0.8rem;\"\u001b[39m\n                        \u001b[36m>\u001b[39m\n                          \u001b[0mCO\u001b[0m\n                        \u001b[36m</div>\u001b[39m\n                        \u001b[36m<span\u001b[39m\n                          \u001b[33mstyle\u001b[39m=\u001b[32m\"font-weight: 600;\"\u001b[39m\n                        \u001b[36m>\u001b[39m\n                          \u001b[0mConsulta General\u001b[0m\n                        \u001b[36m</span>\u001b[39m\n                      \u001b[36m</div>\u001b[39m\n                    \u001b[36m</td>\u001b[39m\n                    \u001b[36m<td>\u001b[39m\n                      \u001b[36m<span\u001b[39m\n                        \u001b[33mclass\u001b[39m=\u001b[32m\"text-cyan\"\u001b[39m\n                        \u001b[33mstyle\u001b[39m=\u001b[32m\"font-weight: 700;\"\u001b[39m\n                      \u001b[36m>\u001b[39m\n                        \u001b[0m$\u001b[0m\n                        \u001b[0m30.00\u001b[0m\n                      \u001b[36m</span>\u001b[39m\n                    \u001b[36m</td>\u001b[39m\n                    \u001b[36m<td>\u001b[39m\n                      \u001b[36m<span\u001b[39m\n                        \u001b[33mclass\u001b[39m=\u001b[32m\"status-badge active\"\u001b[39m\n                      \u001b[36m>\u001b[39m\n                        \u001b[0mExento\u001b[0m\n                      \u001b[36m</span>\u001b[39m\n                    \u001b[36m</td>\u001b[39m\n                    \u001b[36m<td>\u001b[39m\n                      \u001b[36m<div\u001b[39m\n                        \u001b[33mstyle\u001b[39m=\u001b[32m\"display: flex; flex-direction: column;\"\u001b[39m\n                      \u001b[36m>\u001b[39m\n                        \u001b[36m<span\u001b[39m\n                          \u001b[33mstyle\u001b[39m=\u001b[32m\"font-size: 0.9rem;\"\u001b[39m\n                        \u001b[36m>\u001b[39m\n                          \u001b[0mNo asignado\u001b[0m\n                        \u001b[36m</span>\u001b[39m\n                      \u001b[36m</div>\u001b[39m\n                    \u001b[36m</td>\u001b[39m\n                    \u001b[36m<td>\u001b[39m\n                      \u001b[36m<div\u001b[39m\n                        \u001b[33mclass\u001b[39m=\u001b[32m\"tooltip-container\"\u001b[39m\n                      \u001b[36m>\u001b[39m\n                        \u001b[36m<span\u001b[39m\n                          \u001b[33mclass\u001b[39m=\u001b[32m\"commission-badge\"\u001b[39m\n                        \u001b[36m>\u001b[39m\n                          \u001b[0m0\u001b[0m\n                          \u001b[0m ├¡tems\u001b[0m\n                        \u001b[36m</span>\u001b[39m\n                      \u001b[36m</div>\u001b[39m\n                    \u001b[36m</td>\u001b[39m\n                    \u001b[36m<td>\u001b[39m\n                      \u001b[36m<div\u001b[39m\n                        \u001b[33mclass\u001b[39m=\u001b[32m\"action-buttons\"\u001b[39m\n                      \u001b[36m>\u001b[39m\n                        \u001b[36m<button\u001b[39m\n                          \u001b[33mclass\u001b[39m=\u001b[32m\"btn-view\"\u001b[39m\n                          \u001b[33mtitle\u001b[39m=\u001b[32m\"Editar\"\u001b[39m\n                        \u001b[36m>\u001b[39m\n                          \u001b[0mΓ£Å∩╕Å\u001b[0m\n                        \u001b[36m</button>\u001b[39m\n                        \u001b[36m<button\u001b[39m\n                          \u001b[33mclass\u001b[39m=\u001b[32m\"btn-delete\"\u001b[39m\n                          \u001b[33mtitle\u001b[39m=\u001b[32m\"Eliminar\"\u001b[39m\n                        \u001b[36m>\u001b[39m\n                          \u001b[0m≡ƒùæ∩╕Å\u001b[0m\n                        \u001b[36m</button>\u001b[39m\n                      \u001b[36m</div>\u001b[39m\n                    \u001b[36m</td>\u001b[39m\n                  \u001b[36m</tr>\u001b[39m\n                  \u001b[36m<tr>\u001b[39m\n                    \u001b[36m<td>\u001b[39m\n                      \u001b[36m<div\u001b[39m\n                        \u001b[33mstyle\u001b[39m=\u001b[32m\"display: flex; align-items: center; gap: 12px;\"\u001b[39m\n                      \u001b[36m>\u001b[39m\n                        \u001b[36m<div\u001b[39m\n                          \u001b[33mclass\u001b[39m=\u001b[32m\"avatar\"\u001b[39m\n                          \u001b[33mstyle\u001b[39m=\u001b[32m\"width: 32px; height: 32px; font-size: 0.8rem;\"\u001b[39m\n                        \u001b[36m>\u001b[39m\n                          \u001b[0mEL\u001b[0m\n                        \u001b[36m</div>\u001b[39m\n                        \u001b[36m<span\u001b[39m\n                          \u001b[33mstyle\u001b[39m=\u001b[32m\"font-weight: 600;\"\u001b[39m\n                        \u001b[36m>\u001b[39m\n                          \u001b[0mElectrocardiograma\u001b[0m\n                        \u001b[36m</span>\u001b[39m\n                      \u001b[36m</div>\u001b[39m\n                    \u001b[36m</td>\u001b[39m\n                    \u001b[36m<td>\u001b[39m\n                      \u001b[36m<span\u001b[39m\n                        \u001b[33mclass\u001b[39m=\u001b[32m\"text-cyan\"\u001b[39m\n                        \u001b[33mstyle\u001b[39m=\u001b[32m\"font-weight: 700;\"\u001b[39m\n                      \u001b[36m>\u001b[39m\n                        \u001b[0m$\u001b[0m\n                        \u001b[0m50.00\u001b[0m\n                      \u001b[36m</span>\u001b[39m\n                    \u001b[36m</td>\u001b[39m\n                    \u001b[36m<td>\u001b[39m\n                      \u001b[36m<span\u001b[39m\n                        \u001b[33mclass\u001b[39m=\u001b[32m\"status-badge inactive\"\u001b[39m\n                      \u001b[36m>\u001b[39m\n                        \u001b[0mIVA 16%\u001b[0m\n                      \u001b[36m</span>\u001b[39m\n                    \u001b[36m</td>\u001b[39m\n                    \u001b[36m<td>\u001b[39m\n                      \u001b[36m<div\u001b[39m\n                        \u001b[33mstyle\u001b[39m=\u001b[32m\"display: flex; flex-direction: column;\"\u001b[39m\n                      \u001b[36m>\u001b[39m\n                        \u001b[36m<span\u001b[39m\n                          \u001b[33mstyle\u001b[39m=\u001b[32m\"font-size: 0.9rem;\"\u001b[39m\n                        \u001b[36m>\u001b[39m\n                          \u001b[0mNo asignado\u001b[0m\n                        \u001b[36m</span>\u001b[39m\n                      \u001b[36m</div>\u001b[39m\n                    \u001b[36m</td>\u001b[39m\n                    \u001b[36m<td>\u001b[39m\n                      \u001b[36m<div\u001b[39m\n                        \u001b[33mclass\u001b[39m=\u001b[32m\"tooltip-container\"\u001b[39m\n                      \u001b[36m>\u001b[39m\n                        \u001b[36m<span\u001b[39m\n                          \u001b[33mclass\u001b[39m=\u001b[32m\"commission-badge\"\u001b[39m\n                        \u001b[36m>\u001b[39m\n                          \u001b[0m1\u001b[0m\n                          \u001b[0m ├¡tems\u001b[0m\n                        \u001b[36m</span>\u001b[39m\n                        \u001b[36m<div\u001b[39m\n                          \u001b[33mclass\u001b[39m=\u001b[32m\"tooltip-content glassmorphism\"\u001b[39m\n                        \u001b[36m>\u001b[39m\n                          \u001b[36m<div\u001b[39m\n                            \u001b[33mstyle\u001b[39m=\u001b[32m\"font-weight: bold; border-bottom: 1px solid var(--border-color); margin-bottom: 5px; padding-bottom: 3px;\"\u001b[39m\n                          \u001b[36m>\u001b[39m\n                            \u001b[0mReceta T├⌐cnica\u001b[0m\n                          \u001b[36m</div>\u001b[39m\n                          \u001b[36m<div\u001b[39m\n                            \u001b[33mstyle\u001b[39m=\u001b[32m\"font-size: 0.8rem; display: flex; justify-content: space-between; gap: 10px;\"\u001b[39m\n                          \u001b[36m>\u001b[39m\n                            \u001b[36m<span />\u001b[39m\n                            \u001b[36m<span\u001b[39m\n                              \u001b[33mstyle\u001b[39m=\u001b[32m\"font-weight: bold; color: var(--accent-cyan);\"\u001b[39m\n                            \u001b[36m>\u001b[39m\n                              \u001b[0mx\u001b[0m\n                              \u001b[0m1\u001b[0m\n                            \u001b[36m</span>\u001b[39m\n                          \u001b[36m</div>\u001b[39m\n                        \u001b[36m</div>\u001b[39m\n                      \u001b[36m</div>\u001b[39m\n                    \u001b[36m</td>\u001b[39m\n                    \u001b[36m<td>\u001b[39m\n                      \u001b[36m<div\u001b[39m\n                        \u001b[33mclass\u001b[39m=\u001b[32m\"action-buttons\"\u001b[39m\n                      \u001b[36m>\u001b[39m\n                        \u001b[36m<button\u001b[39m\n                          \u001b[33mclass\u001b[39m=\u001b[32m\"btn-view\"\u001b[39m\n                          \u001b[33mtitle\u001b[39m=\u001b[32m\"Editar\"\u001b[39m\n                        \u001b[36m>\u001b[39m\n                          \u001b[0mΓ£Å∩╕Å\u001b[0m\n                        \u001b[36m</button>\u001b[39m\n                        \u001b[36m<button\u001b[39m\n                          \u001b[33mclass\u001b[39m=\u001b[32m\"btn-delete\"\u001b[39m\n                          \u001b[33mtitle\u001b[39m=\u001b[32m\"Eliminar\"\u001b[39m\n                        \u001b[36m>\u001b[39m\n                          \u001b[0m≡ƒùæ∩╕Å\u001b[0m\n                        \u001b[36m</button>\u001b[39m\n                      \u001b[36m</div>\u001b[39m\n                    \u001b[36m</td>\u001b[39m\n                  \u001b[36m</tr>\u001b[39m\n                \u001b[36m</tbody>\u001b[39m\n              \u001b[36m</table>\u001b[39m\n            \u001b[36m</div>\u001b[39m\n          \u001b[36m</div>\u001b[39m\n          \u001b[36m<div\u001b[39m\n            \u001b[33mclass\u001b[39m=\u001b[32m\"patient-form-overlay glassmorphism animate-in\"\u001b[39m\n          \u001b[36m>\u001b[39m\n            \u001b[36m<div\u001b[39m\n              \u001b[33mclass\u001b[39m=\u001b[32m\"patient-form-modal container-card\"\u001b[39m\n              \u001b[33mstyle\u001b[39m=\u001b[32m\"max-width: 700px;\"\u001b[39m\n            \u001b[36m>\u001b[39m\n              \u001b[36m<h3>\u001b[39m\n                \u001b[0mNuevo Servicio M├⌐dico\u001b[0m\n              \u001b[36m</h3>\u001b[39m\n              \u001b[36m<p\u001b[39m\n                \u001b[33mclass\u001b[39m=\u001b[32m\"subtitle\"\u001b[39m\n              \u001b[36m>\u001b[39m\n                \u001b[0mConfigure el precio y la receta t├⌐cnica del servicio.\u001b[0m\n              \u001b[36m</p>\u001b[39m\n              \u001b[36m<form\u001b[39m\n                \u001b[33mclass\u001b[39m=\u001b[32m\"patient-form-grid\"\u001b[39m\n              \u001b[36m>\u001b[39m\n                \u001b[36m<div\u001b[39m\n                  \u001b[33mclass\u001b[39m=\u001b[32m\"form-group full-width\"\u001b[39m\n                \u001b[36m>\u001b[39m\n                  \u001b[36m<label>\u001b[39m\n                    \u001b[0mNombre del Servicio *\u001b[0m\n                  \u001b[36m</label>\u001b[39m\n                  \u001b[36m<input\u001b[39m\n                    \u001b[33mname\u001b[39m=\u001b[32m\"nombre\"\u001b[39m\n                    \u001b[33mplaceholder\u001b[39m=\u001b[32m\"Ej. Consulta Especializada\"\u001b[39m\n                    \u001b[33mrequired\u001b[39m=\u001b[32m\"\"\u001b[39m\n                    \u001b[33mtype\u001b[39m=\u001b[32m\"text\"\u001b[39m\n                    \u001b[33mvalue\u001b[39m=\u001b[32m\"\"\u001b[39m\n                  \u001b[36m/>\u001b[39m\n                \u001b[36m</div>\u001b[39m\n                \u001b[36m<div\u001b[39m\n                  \u001b[33mclass\u001b[39m=\u001b[32m\"form-group\"\u001b[39m\n                \u001b[36m>\u001b[39m\n                  \u001b[36m<label>\u001b[39m\n                    \u001b[0mPrecio (USD) *\u001b[0m\n                  \u001b[36m</label>\u001b[39m\n                  \u001b[36m<input\u001b[39m\n                    \u001b[33mname\u001b[39m=\u001b[32m\"precio_usd\"\u001b[39m\n                    \u001b[33mplaceholder\u001b[39m=\u001b[32m\"0.00\"\u001b[39m\n                    \u001b[33mrequired\u001b[39m=\u001b[32m\"\"\u001b[39m\n                    \u001b[33mstep\u001b[39m=\u001b[32m\"0.01\"\u001b[39m\n                    \u001b[33mtype\u001b[39m=\u001b[32m\"number\"\u001b[39m\n                    \u001b[33mvalue\u001b[39m=\u001b[32m\"\"\u001b[39m\n                  \u001b[36m/>\u001b[39m\n                \u001b[36m</div>\u001b[39m\n                \u001b[36m<div\u001b[39m\n                  \u001b[33mclass\u001b[39m=\u001b[32m\"form-group\"\u001b[39m\n                \u001b[36m>\u001b[39m\n                  \u001b[36m<label>\u001b[39m\n                    \u001b[0mM├⌐dico por defecto\u001b[0m\n                  \u001b[36m</label>\u001b[39m\n                  \u001b[36m<select\u001b[39m\n                    \u001b[33mname\u001b[39m=\u001b[32m\"id_medico_defecto\"\u001b[39m\n                  \u001b[36m>\u001b[39m\n                    \u001b[36m<option\u001b[39m\n                      \u001b[33mvalue\u001b[39m=\u001b[32m\"\"\u001b[39m\n                    \u001b[36m>\u001b[39m\n                      \u001b[0mSeleccione un m├⌐dico...\u001b[0m\n                    \u001b[36m</option>\u001b[39m\n                    \u001b[36m<option\u001b[39m\n                      \u001b[33mvalue\u001b[39m=\u001b[32m\"1\"\u001b[39m\n                    \u001b[36m>\u001b[39m\n                      \u001b[0mDr. Gregory House\u001b[0m\n                    \u001b[36m</option>\u001b[39m\n                    \u001b[36m<option\u001b[39m\n                      \u001b[33mvalue\u001b[39m=\u001b[32m\"2\"\u001b[39m\n                    \u001b[36m>\u001b[39m\n                      \u001b[0mDra. Allison Cameron\u001b[0m\n                    \u001b[36m</option>\u001b[39m\n                  \u001b[36m</select>\u001b[39m\n                \u001b[36m</div>\u001b[39m\n                \u001b[36m<div\u001b[39m\n                  \u001b[33mclass\u001b[39m=\u001b[32m\"form-group full-width\"\u001b[39m\n                  \u001b[33mstyle\u001b[39m=\u001b[32m\"display: flex; align-items: center; gap: 10px;\"\u001b[39m\n                \u001b[36m>\u001b[39m\n                  \u001b[36m<input\u001b[39m\n                    \u001b[33mchecked\u001b[39m=\u001b[32m\"\"\u001b[39m\n                    \u001b[33mid\u001b[39m=\u001b[32m\"es_exento\"\u001b[39m\n                    \u001b[33mname\u001b[39m=\u001b[32m\"es_exento\"\u001b[39m\n                    \u001b[33mtype\u001b[39m=\u001b[32m\"checkbox\"\u001b[39m\n                  \u001b[36m/>\u001b[39m\n                  \u001b[36m<label\u001b[39m\n                    \u001b[33mfor\u001b[39m=\u001b[32m\"es_exento\"\u001b[39m\n                    \u001b[33mstyle\u001b[39m=\u001b[32m\"cursor: pointer; margin-bottom: 0px;\"\u001b[39m\n                  \u001b[36m>\u001b[39m\n                    \u001b[0mServicio Exento de IVA\u001b[0m\n                  \u001b[36m</label>\u001b[39m\n                \u001b[36m</div>\u001b[39m\n                \u001b[36m<hr\u001b[39m\n                  \u001b[33mclass\u001b[39m=\u001b[32m\"full-width\"\u001b[39m\n                  \u001b[33mstyle\u001b[39m=\u001b[32m\"margin: 15px 0px; border-top: 1px solid var(--border-color); border-right: 0px; border-bottom: 0px; border-left: 0px; border-image: none;\"\u001b[39m\n                \u001b[36m/>\u001b[39m\n                \u001b[36m<div\u001b[39m\n                  \u001b[33mclass\u001b[39m=\u001b[32m\"full-width\"\u001b[39m\n                \u001b[36m>\u001b[39m\n                  \u001b[36m<h4>\u001b[39m\n                    \u001b[0mInsumos Asociados (Receta T├⌐cnica)\u001b[0m\n                  \u001b[36m</h4>\u001b[39m\n                  \u001b[36m<div\u001b[39m\n                    \u001b[33mstyle\u001b[39m=\u001b[32m\"display: flex; gap: 10px; margin-top: 10px;\"\u001b[39m\n                  \u001b[36m>\u001b[39m\n                    \u001b[36m<select\u001b[39m\n                      \u001b[33mstyle\u001b[39m=\u001b[32m\"flex: 2 1 0%;\"\u001b[39m\n                    \u001b[36m>\u001b[39m\n                      \u001b[36m<option\u001b[39m\n                        \u001b[33mvalue\u001b[39m=\u001b[32m\"\"\u001b[39m\n                      \u001b[36m>\u001b[39m\n                        \u001b[0mSeleccionar Insumo...\u001b[0m\n                      \u001b[36m</option>\u001b[39m\n                      \u001b[36m<option\u001b[39m\n                        \u001b[33mvalue\u001b[39m=\u001b[32m\"1\"\u001b[39m\n                      \u001b[36m>\u001b[39m\n                        \u001b[0mGuantes de L├ítex\u001b[0m\n                        \u001b[0m (\u001b[0m\n                        \u001b[0mPar\u001b[0m\n                        \u001b[0m)\u001b[0m\n                      \u001b[36m</option>\u001b[39m\n                      \u001b[36m<option\u001b[39m\n                        \u001b[33mvalue\u001b[39m=\u001b[32m\"2\"\u001b[39m\n                      \u001b[36m>\u001b[39m\n                        \u001b[0mJeringa 5ml\u001b[0m\n                        \u001b[0m (\u001b[0m\n                        \u001b[0mUnidad\u001b[0m\n                        \u001b[0m)\u001b[0m\n                      \u001b[36m</option>\u001b[39m\n                    \u001b[36m</select>\u001b[39m\n                    \u001b[36m<input\u001b[39m\n                      \u001b[33mmin\u001b[39m=\u001b[32m\"1\"\u001b[39m\n                      \u001b[33mplaceholder\u001b[39m=\u001b[32m\"Cant.\"\u001b[39m\n                      \u001b[33mstyle\u001b[39m=\u001b[32m\"flex: 1 1 0%;\"\u001b[39m\n                      \u001b[33mtype\u001b[39m=\u001b[32m\"number\"\u001b[39m\n                      \u001b[33mvalue\u001b[39m=\u001b[32m\"1\"\u001b[39m\n                    \u001b[36m/>\u001b[39m\n                    \u001b[36m<button\u001b[39m\n                      \u001b[33mclass\u001b[39m=\u001b[32m\"btn-secondary\"\u001b[39m\n                      \u001b[33mtype\u001b[39m=\u001b[32m\"button\"\u001b[39m\n                    \u001b[36m>\u001b[39m\n                      \u001b[0mA├▒adir\u001b[0m\n                    \u001b[36m</button>\u001b[39m\n                  \u001b[36m</div>\u001b[39m\n                  \u001b[36m<div\u001b[39m\n                    \u001b[33mclass\u001b[39m=\u001b[32m\"insumos-tags\"\u001b[39m\n                    \u001b[33mstyle\u001b[39m=\u001b[32m\"display: grid; grid-template-columns: 1fr 1fr; gap: 10px; margin-top: 15px;\"\u001b[39m\n                  \u001b[36m>\u001b[39m\n                    \u001b[36m<p\u001b[39m\n                      \u001b[33mclass\u001b[39m=\u001b[32m\"subtitle full-width\"\u001b[39m\n                    \u001b[36m>\u001b[39m\n                      \u001b[0mNo hay insumos a├▒adidos a la receta t├⌐cnica.\u001b[0m\n                    \u001b[36m</p>\u001b[39m\n                  \u001b[36m</div>\u001b[39m\n                \u001b[36m</div>\u001b[39m\n                \u001b[36m<div\u001b[39m\n                  \u001b[33mclass\u001b[39m=\u001b[32m\"form-actions full-width\"\u001b[39m\n                  \u001b[33mstyle\u001b[39m=\u001b[32m\"margin-top: 20px;\"\u001b[39m\n                \u001b[36m>\u001b[39m\n                  \u001b[36m<button\u001b[39m\n                    \u001b[33mclass\u001b[39m=\u001b[32m\"btn-secondary\"\u001b[39m\n                    \u001b[33mtype\u001b[39m=\u001b[32m\"button\"\u001b[39m\n                  \u001b[36m>\u001b[39m\n                    \u001b[0mCancelar\u001b[0m\n                  \u001b[36m</button>\u001b[39m\n                  \u001b[36m<button\u001b[39m\n                    \u001b[33mclass\u001b[39m=\u001b[32m\"btn-primary\"\u001b[39m\n                    \u001b[33mtype\u001b[39m=\u001b[32m\"submit\"\u001b[39m\n                  \u001b[36m>\u001b[39m\n                    \u001b[0mGuardar Servicio\u001b[0m\n                  \u001b[36m</button>\u001b[39m\n                \u001b[36m</div>\u001b[39m\n              \u001b[36m</form>\u001b[39m\n            \u001b[36m</div>\u001b[39m\n          \u001b[36m</div>\u001b[39m\n        \u001b[36m</main>\u001b[39m\n      \u001b[36m</div>\u001b[39m\n    \u001b[36m</div>\u001b[39m\n  \u001b[36m</body>\u001b[39m\n\u001b[36m</html>\u001b[39m"],"location":{"line":163,"column":27}},{"ancestorTitles":["","Services Integration Tests"],"fullName":" Services Integration Tests should display IVA badges correctly (Exento/IVA 16%)","status":"passed","title":"should display IVA badges correctly (Exento/IVA 16%)","duration":258,"failureMessages":[]},{"ancestorTitles":["","Services Integration Tests"],"fullName":" Services Integration Tests should load doctors in form dropdown","status":"failed","title":"should load doctors in form dropdown","duration":1726,"failureMessages":["Unable to find an element with the text: Registrar Nuevo Servicio. This could be because the text is broken up by multiple elements. In this case, you can provide a function for your text matcher to make your matcher more flexible.\n\nIgnored nodes: comments, script, style\n\u001b[36m<body>\u001b[39m\n  \u001b[36m<div>\u001b[39m\n    \u001b[36m<div\u001b[39m\n      \u001b[33mclass\u001b[39m=\u001b[32m\"layout-container\"\u001b[39m\n    \u001b[36m>\u001b[39m\n      \u001b[36m<nav\u001b[39m\n        \u001b[33mclass\u001b[39m=\u001b[32m\"sidebar\"\u001b[39m\n      \u001b[36m>\u001b[39m\n        \u001b[36m<div\u001b[39m\n          \u001b[33mclass\u001b[39m=\u001b[32m\"logo\"\u001b[39m\n        \u001b[36m>\u001b[39m\n          \u001b[0mM├⌐dica\u001b[0m\n          \u001b[36m<span>\u001b[39m\n            \u001b[0mERP\u001b[0m\n          \u001b[36m</span>\u001b[39m\n        \u001b[36m</div>\u001b[39m\n        \u001b[36m<ul\u001b[39m\n          \u001b[33mclass\u001b[39m=\u001b[32m\"nav-links\"\u001b[39m\n        \u001b[36m>\u001b[39m\n          \u001b[36m<li\u001b[39m\n            \u001b[33mclass\u001b[39m=\u001b[32m\"\"\u001b[39m\n          \u001b[36m>\u001b[39m\n            \u001b[0mDashboard\u001b[0m\n          \u001b[36m</li>\u001b[39m\n          \u001b[36m<li\u001b[39m\n            \u001b[33mclass\u001b[39m=\u001b[32m\"\"\u001b[39m\n          \u001b[36m>\u001b[39m\n            \u001b[0mPacientes\u001b[0m\n          \u001b[36m</li>\u001b[39m\n          \u001b[36m<li\u001b[39m\n            \u001b[33mclass\u001b[39m=\u001b[32m\"\"\u001b[39m\n          \u001b[36m>\u001b[39m\n            \u001b[0mM├⌐dicos\u001b[0m\n          \u001b[36m</li>\u001b[39m\n          \u001b[36m<li\u001b[39m\n            \u001b[33mclass\u001b[39m=\u001b[32m\"active\"\u001b[39m\n          \u001b[36m>\u001b[39m\n            \u001b[0mServicios\u001b[0m\n          \u001b[36m</li>\u001b[39m\n          \u001b[36m<li\u001b[39m\n            \u001b[33mclass\u001b[39m=\u001b[32m\"\"\u001b[39m\n          \u001b[36m>\u001b[39m\n            \u001b[0mFacturaci├│n\u001b[0m\n          \u001b[36m</li>\u001b[39m\n          \u001b[36m<li>\u001b[39m\n            \u001b[0mInventario\u001b[0m\n          \u001b[36m</li>\u001b[39m\n          \u001b[36m<li>\u001b[39m\n            \u001b[0mLiquidaci├│n\u001b[0m\n          \u001b[36m</li>\u001b[39m\n        \u001b[36m</ul>\u001b[39m\n      \u001b[36m</nav>\u001b[39m\n      \u001b[36m<main\u001b[39m\n        \u001b[33mclass\u001b[39m=\u001b[32m\"main-content\"\u001b[39m\n      \u001b[36m>\u001b[39m\n        \u001b[36m<header\u001b[39m\n          \u001b[33mclass\u001b[39m=\u001b[32m\"topbar\"\u001b[39m\n        \u001b[36m>\u001b[39m\n          \u001b[36m<div\u001b[39m\n            \u001b[33mstyle\u001b[39m=\u001b[32m\"display: flex; align-items: center; gap: 16px;\"\u001b[39m\n          \u001b[36m>\u001b[39m\n            \u001b[36m<h2>\u001b[39m\n              \u001b[0mGesti├│n de Servicios\u001b[0m\n            \u001b[36m</h2>\u001b[39m\n          \u001b[36m</div>\u001b[39m\n          \u001b[36m<div\u001b[39m\n            \u001b[33mclass\u001b[39m=\u001b[32m\"user-profile\"\u001b[39m\n          \u001b[36m>\u001b[39m\n            \u001b[36m<button\u001b[39m\n              \u001b[33mclass\u001b[39m=\u001b[32m\"theme-toggle\"\u001b[39m\n            \u001b[36m>\u001b[39m\n              \u001b[0mΓÿÇ∩╕Å Modo Claro\u001b[0m\n            \u001b[36m</button>\u001b[39m\n            \u001b[36m<div\u001b[39m\n              \u001b[33mclass\u001b[39m=\u001b[32m\"avatar\"\u001b[39m\n            \u001b[36m>\u001b[39m\n              \u001b[0mAD\u001b[0m\n            \u001b[36m</div>\u001b[39m\n            \u001b[36m<span>\u001b[39m\n              \u001b[0mAdministrador\u001b[0m\n            \u001b[36m</span>\u001b[39m\n          \u001b[36m</div>\u001b[39m\n        \u001b[36m</header>\u001b[39m\n        \u001b[36m<div\u001b[39m\n          \u001b[33mclass\u001b[39m=\u001b[32m\"patient-list animate-in\"\u001b[39m\n        \u001b[36m>\u001b[39m\n          \u001b[36m<div\u001b[39m\n            \u001b[33mclass\u001b[39m=\u001b[32m\"search-bar-container\"\u001b[39m\n          \u001b[36m>\u001b[39m\n            \u001b[36m<div\u001b[39m\n              \u001b[33mclass\u001b[39m=\u001b[32m\"search-input-wrapper\"\u001b[39m\n              \u001b[33mstyle\u001b[39m=\u001b[32m\"flex: 1 1 0%; position: relative;\"\u001b[39m\n            \u001b[36m>\u001b[39m\n              \u001b[36m<input\u001b[39m\n                \u001b[33mclass\u001b[39m=\u001b[32m\"search-input glassmorphism\"\u001b[39m\n                \u001b[33mplaceholder\u001b[39m=\u001b[32m\"Buscar por servicio o m├⌐dico...\"\u001b[39m\n                \u001b[33mstyle\u001b[39m=\u001b[32m\"width: 100%; border-radius: 12px;\"\u001b[39m\n                \u001b[33mtype\u001b[39m=\u001b[32m\"text\"\u001b[39m\n                \u001b[33mvalue\u001b[39m=\u001b[32m\"\"\u001b[39m\n              \u001b[36m/>\u001b[39m\n            \u001b[36m</div>\u001b[39m\n            \u001b[36m<button\u001b[39m\n              \u001b[33mclass\u001b[39m=\u001b[32m\"btn-primary\"\u001b[39m\n            \u001b[36m>\u001b[39m\n              \u001b[36m<span>\u001b[39m\n                \u001b[0m+\u001b[0m\n              \u001b[36m</span>\u001b[39m\n              \u001b[0m Nuevo Servicio\u001b[0m\n            \u001b[36m</button>\u001b[39m\n          \u001b[36m</div>\u001b[39m\n          \u001b[36m<div\u001b[39m\n            \u001b[33mclass\u001b[39m=\u001b[32m\"table-wrapper glassmorphism\"\u001b[39m\n          \u001b[36m>\u001b[39m\n            \u001b[36m<table\u001b[39m\n              \u001b[33mclass\u001b[39m=\u001b[32m\"modern-table\"\u001b[39m\n            \u001b[36m>\u001b[39m\n              \u001b[36m<thead>\u001b[39m\n                \u001b[36m<tr>\u001b[39m\n                  \u001b[36m<th>\u001b[39m\n                    \u001b[0mServicio\u001b[0m\n                  \u001b[36m</th>\u001b[39m\n                  \u001b[36m<th>\u001b[39m\n                    \u001b[0mPrecio (USD)\u001b[0m\n                  \u001b[36m</th>\u001b[39m\n                  \u001b[36m<th>\u001b[39m\n                    \u001b[0mEstatus IVA\u001b[0m\n                  \u001b[36m</th>\u001b[39m\n                  \u001b[36m<th>\u001b[39m\n                    \u001b[0mM├⌐dico Defecto\u001b[0m\n                  \u001b[36m</th>\u001b[39m\n                  \u001b[36m<th>\u001b[39m\n                    \u001b[0mInsumos\u001b[0m\n                  \u001b[36m</th>\u001b[39m\n                  \u001b[36m<th>\u001b[39m\n                    \u001b[0mAcciones\u001b[0m\n                  \u001b[36m</th>\u001b[39m\n                \u001b[36m</tr>\u001b[39m\n              \u001b[36m</thead>\u001b[39m\n              \u001b[36m<tbody>\u001b[39m\n                \u001b[36m<tr>\u001b[39m\n                  \u001b[36m<td>\u001b[39m\n                    \u001b[36m<div\u001b[39m\n                      \u001b[33mstyle\u001b[39m=\u001b[32m\"display: flex; align-items: center; gap: 12px;\"\u001b[39m\n                    \u001b[36m>\u001b[39m\n                      \u001b[36m<div\u001b[39m\n                        \u001b[33mclass\u001b[39m=\u001b[32m\"avatar\"\u001b[39m\n                        \u001b[33mstyle\u001b[39m=\u001b[32m\"width: 32px; height: 32px; font-size: 0.8rem;\"\u001b[39m\n                      \u001b[36m>\u001b[39m\n                        \u001b[0mCO\u001b[0m\n                      \u001b[36m</div>\u001b[39m\n                      \u001b[36m<span\u001b[39m\n                        \u001b[33mstyle\u001b[39m=\u001b[32m\"font-weight: 600;\"\u001b[39m\n                      \u001b[36m>\u001b[39m\n                        \u001b[0mConsulta General\u001b[0m\n                      \u001b[36m</span>\u001b[39m\n                    \u001b[36m</div>\u001b[39m\n                  \u001b[36m</td>\u001b[39m\n                  \u001b[36m<td>\u001b[39m\n                    \u001b[36m<span\u001b[39m\n                      \u001b[33mclass\u001b[39m=\u001b[32m\"text-cyan\"\u001b[39m\n                      \u001b[33mstyle\u001b[39m=\u001b[32m\"font-weight: 700;\"\u001b[39m\n                    \u001b[36m>\u001b[39m\n                      \u001b[0m$\u001b[0m\n                      \u001b[0m30.00\u001b[0m\n                    \u001b[36m</span>\u001b[39m\n                  \u001b[36m</td>\u001b[39m\n                  \u001b[36m<td>\u001b[39m\n                    \u001b[36m<span\u001b[39m\n                      \u001b[33mclass\u001b[39m=\u001b[32m\"status-badge active\"\u001b[39m\n                    \u001b[36m>\u001b[39m\n                      \u001b[0mExento\u001b[0m\n                    \u001b[36m</span>\u001b[39m\n                  \u001b[36m</td>\u001b[39m\n                  \u001b[36m<td>\u001b[39m\n                    \u001b[36m<div\u001b[39m\n                      \u001b[33mstyle\u001b[39m=\u001b[32m\"display: flex; flex-direction: column;\"\u001b[39m\n                    \u001b[36m>\u001b[39m\n                      \u001b[36m<span\u001b[39m\n                        \u001b[33mstyle\u001b[39m=\u001b[32m\"font-size: 0.9rem;\"\u001b[39m\n                      \u001b[36m>\u001b[39m\n                        \u001b[0mNo asignado\u001b[0m\n                      \u001b[36m</span>\u001b[39m\n                    \u001b[36m</div>\u001b[39m\n                  \u001b[36m</td>\u001b[39m\n                  \u001b[36m<td>\u001b[39m\n                    \u001b[36m<div\u001b[39m\n                      \u001b[33mclass\u001b[39m=\u001b[32m\"tooltip-container\"\u001b[39m\n                    \u001b[36m>\u001b[39m\n                      \u001b[36m<span\u001b[39m\n                        \u001b[33mclass\u001b[39m=\u001b[32m\"commission-badge\"\u001b[39m\n                      \u001b[36m>\u001b[39m\n                        \u001b[0m0\u001b[0m\n                        \u001b[0m ├¡tems\u001b[0m\n                      \u001b[36m</span>\u001b[39m\n                    \u001b[36m</div>\u001b[39m\n                  \u001b[36m</td>\u001b[39m\n                  \u001b[36m<td>\u001b[39m\n                    \u001b[36m<div\u001b[39m\n                      \u001b[33mclass\u001b[39m=\u001b[32m\"action-buttons\"\u001b[39m\n                    \u001b[36m>\u001b[39m\n                      \u001b[36m<button\u001b[39m\n                        \u001b[33mclass\u001b[39m=\u001b[32m\"btn-view\"\u001b[39m\n                        \u001b[33mtitle\u001b[39m=\u001b[32m\"Editar\"\u001b[39m\n                      \u001b[36m>\u001b[39m\n                        \u001b[0mΓ£Å∩╕Å\u001b[0m\n                      \u001b[36m</button>\u001b[39m\n                      \u001b[36m<button\u001b[39m\n                        \u001b[33mclass\u001b[39m=\u001b[32m\"btn-delete\"\u001b[39m\n                        \u001b[33mtitle\u001b[39m=\u001b[32m\"Eliminar\"\u001b[39m\n                      \u001b[36m>\u001b[39m\n                        \u001b[0m≡ƒùæ∩╕Å\u001b[0m\n                      \u001b[36m</button>\u001b[39m\n                    \u001b[36m</div>\u001b[39m\n                  \u001b[36m</td>\u001b[39m\n                \u001b[36m</tr>\u001b[39m\n                \u001b[36m<tr>\u001b[39m\n                  \u001b[36m<td>\u001b[39m\n                    \u001b[36m<div\u001b[39m\n                      \u001b[33mstyle\u001b[39m=\u001b[32m\"display: flex; align-items: center; gap: 12px;\"\u001b[39m\n                    \u001b[36m>\u001b[39m\n                      \u001b[36m<div\u001b[39m\n                        \u001b[33mclass\u001b[39m=\u001b[32m\"avatar\"\u001b[39m\n                        \u001b[33mstyle\u001b[39m=\u001b[32m\"width: 32px; height: 32px; font-size: 0.8rem;\"\u001b[39m\n                      \u001b[36m>\u001b[39m\n                        \u001b[0mEL\u001b[0m\n                      \u001b[36m</div>\u001b[39m\n                      \u001b[36m<span\u001b[39m\n                        \u001b[33mstyle\u001b[39m=\u001b[32m\"font-weight: 600;\"\u001b[39m\n                      \u001b[36m>\u001b[39m\n                        \u001b[0mElectrocardiograma\u001b[0m\n                      \u001b[36m</span>\u001b[39m\n                    \u001b[36m</div>\u001b[39m\n                  \u001b[36m</td>\u001b[39m\n                  \u001b[36m<td>\u001b[39m\n                    \u001b[36m<span\u001b[39m\n                      \u001b[33mclass\u001b[39m=\u001b[32m\"text-cyan\"\u001b[39m\n                      \u001b[33mstyle\u001b[39m=\u001b[32m\"font-weight: 700;\"\u001b[39m\n                    \u001b[36m>\u001b[39m\n                      \u001b[0m$\u001b[0m\n                      \u001b[0m50.00\u001b[0m\n                    \u001b[36m</span>\u001b[39m\n                  \u001b[36m</td>\u001b[39m\n                  \u001b[36m<td>\u001b[39m\n                    \u001b[36m<span\u001b[39m\n                      \u001b[33mclass\u001b[39m=\u001b[32m\"status-badge inactive\"\u001b[39m\n                    \u001b[36m>\u001b[39m\n                      \u001b[0mIVA 16%\u001b[0m\n                    \u001b[36m</span>\u001b[39m\n                  \u001b[36m</td>\u001b[39m\n                  \u001b[36m<td>\u001b[39m\n                    \u001b[36m<div\u001b[39m\n                      \u001b[33mstyle\u001b[39m=\u001b[32m\"display: flex; flex-direction: column;\"\u001b[39m\n                    \u001b[36m>\u001b[39m\n                      \u001b[36m<span\u001b[39m\n                        \u001b[33mstyle\u001b[39m=\u001b[32m\"font-size: 0.9rem;\"\u001b[39m\n                      \u001b[36m>\u001b[39m\n                        \u001b[0mNo asignado\u001b[0m\n                      \u001b[36m</span>\u001b[39m\n                    \u001b[36m</div>\u001b[39m\n                  \u001b[36m</td>\u001b[39m\n                  \u001b[36m<td>\u001b[39m\n                    \u001b[36m<div\u001b[39m\n                      \u001b[33mclass\u001b[39m=\u001b[32m\"tooltip-container\"\u001b[39m\n                    \u001b[36m>\u001b[39m\n                      \u001b[36m<span\u001b[39m\n                        \u001b[33mclass\u001b[39m=\u001b[32m\"commission-badge\"\u001b[39m\n                      \u001b[36m>\u001b[39m\n                        \u001b[0m1\u001b[0m\n                        \u001b[0m ├¡tems\u001b[0m\n                      \u001b[36m</span>\u001b[39m\n                      \u001b[36m<div\u001b[39m\n                        \u001b[33mclass\u001b[39m=\u001b[32m\"tooltip-content glassmorphism\"\u001b[39m\n                      \u001b[36m>\u001b[39m\n                        \u001b[36m<div\u001b[39m\n                          \u001b[33mstyle\u001b[39m=\u001b[32m\"font-weight: bold; border-bottom: 1px solid var(-
[...]
32m\"form-group\"\u001b[39m\n        \u001b[36m>\u001b[39m\n          \u001b[36m<label>\u001b[39m\n            \u001b[0mM├⌐dico Tratante *\u001b[0m\n          \u001b[36m</label>\u001b[39m\n          \u001b[36m<select>\u001b[39m\n            \u001b[36m<option\u001b[39m\n              \u001b[33mvalue\u001b[39m=\u001b[32m\"\"\u001b[39m\n            \u001b[36m>\u001b[39m\n              \u001b[0mSeleccione un m├⌐dico...\u001b[0m\n            \u001b[36m</option>\u001b[39m\n            \u001b[36m<option\u001b[39m\n              \u001b[33mvalue\u001b[39m=\u001b[32m\"1\"\u001b[39m\n            \u001b[36m>\u001b[39m\n              \u001b[0mDr. House\u001b[0m\n              \u001b[0m (\u001b[0m\n              \u001b[0mMedicina General\u001b[0m\n              \u001b[0m) - \u001b[0m\n              \u001b[0m10\u001b[0m\n              \u001b[0m% comisi├│n\u001b[0m\n            \u001b[36m</option>\u001b[39m\n          \u001b[36m</select>\u001b[39m\n        \u001b[36m</div>\u001b[39m\n        \u001b[36m<div\u001b[39m\n          \u001b[33mclass\u001b[39m=\u001b[32m\"form-group\"\u001b[39m\n        \u001b[36m>\u001b[39m\n          \u001b[36m<label>\u001b[39m\n            \u001b[0mTasa de Cambio (USD ΓåÆ VES) *\u001b[0m\n          \u001b[36m</label>\u001b[39m\n          \u001b[36m<input\u001b[39m\n            \u001b[33mid\u001b[39m=\u001b[32m\"exchange-rate-input\"\u001b[39m\n            \u001b[33minputmode\u001b[39m=\u001b[32m\"decimal\"\u001b[39m\n            \u001b[33mplaceholder\u001b[39m=\u001b[32m\"Ej: 144.50\"\u001b[39m\n            \u001b[33mtype\u001b[39m=\u001b[32m\"text\"\u001b[39m\n            \u001b[33mvalue\u001b[39m=\u001b[32m\"36\"\u001b[39m\n          \u001b[36m/>\u001b[39m\n          \u001b[36m<span\u001b[39m\n            \u001b[33mstyle\u001b[39m=\u001b[32m\"font-size: 0.82rem; color: var(--text-secondary); margin-top: 4px; display: block;\"\u001b[39m\n          \u001b[36m>\u001b[39m\n            \u001b[0m1 USD = \u001b[0m\n            \u001b[0m36.00\u001b[0m\n            \u001b[0m VES\u001b[0m\n          \u001b[36m</span>\u001b[39m\n        \u001b[36m</div>\u001b[39m\n      \u001b[36m</div>\u001b[39m\n      \u001b[36m<hr\u001b[39m\n        \u001b[33mstyle\u001b[39m=\u001b[32m\"margin: 20px 0px; border-color: var(--border-color);\"\u001b[39m\n      \u001b[36m/>\u001b[39m\n      \u001b[36m<div\u001b[39m\n        \u001b[33mclass\u001b[39m=\u001b[32m\"form-group\"\u001b[39m\n      \u001b[36m>\u001b[39m\n        \u001b[36m<label>\u001b[39m\n          \u001b[0mAgregar Servicios\u001b[0m\n        \u001b[36m</label>\u001b[39m\n        \u001b[36m<div\u001b[39m\n          \u001b[33mstyle\u001b[39m=\u001b[32m\"display: flex; gap: 10px;\"\u001b[39m\n        \u001b[36m>\u001b[39m\n          \u001b[36m<select\u001b[39m\n            \u001b[33mclass\u001b[39m=\u001b[32m\"form-input\"\u001b[39m\n            \u001b[33mstyle\u001b[39m=\u001b[32m\"flex: 2 1 0%;\"\u001b[39m\n          \u001b[36m>\u001b[39m\n            \u001b[36m<option\u001b[39m\n              \u001b[33mdisabled\u001b[39m=\u001b[32m\"\"\u001b[39m\n              \u001b[33mselected\u001b[39m=\u001b[32m\"\"\u001b[39m\n              \u001b[33mvalue\u001b[39m=\u001b[32m\"\"\u001b[39m\n            \u001b[36m>\u001b[39m\n              \u001b[0mSeleccione un servicio...\u001b[0m\n            \u001b[36m</option>\u001b[39m\n            \u001b[36m<option\u001b[39m\n              \u001b[33mvalue\u001b[39m=\u001b[32m\"1\"\u001b[39m\n            \u001b[36m>\u001b[39m\n              \u001b[0mConsulta General\u001b[0m\n              \u001b[0m - $\u001b[0m\n              \u001b[0m30.00\u001b[0m\n              \u001b[0m (\u001b[0m\n              \u001b[0mExento\u001b[0m\n              \u001b[0m)\u001b[0m\n            \u001b[36m</option>\u001b[39m\n            \u001b[36m<option\u001b[39m\n              \u001b[33mvalue\u001b[39m=\u001b[32m\"2\"\u001b[39m\n            \u001b[36m>\u001b[39m\n              \u001b[0mElectrocardiograma\u001b[0m\n              \u001b[0m - $\u001b[0m\n              \u001b[0m50.00\u001b[0m\n              \u001b[0m (\u001b[0m\n              \u001b[0mIVA 16%\u001b[0m\n              \u001b[0m)\u001b[0m\n            \u001b[36m</option>\u001b[39m\n          \u001b[36m</select>\u001b[39m\n        \u001b[36m</div>\u001b[39m\n      \u001b[36m</div>\u001b[39m\n      \u001b[36m<div\u001b[39m\n        \u001b[33mclass\u001b[39m=\u001b[32m\"totals-panel glassmorphism\"\u001b[39m\n        \u001b[33mstyle\u001b[39m=\u001b[32m\"margin-top: 20px; padding: 20px; border-radius: 12px; background: var(--bg-secondary); border: 1px solid var(--border-color);\"\u001b[39m\n      \u001b[36m>\u001b[39m\n        \u001b[36m<div\u001b[39m\n          \u001b[33mstyle\u001b[39m=\u001b[32m\"display: grid; grid-template-columns: 1fr 1fr; gap: 30px;\"\u001b[39m\n        \u001b[36m>\u001b[39m\n          \u001b[36m<div>\u001b[39m\n            \u001b[36m<h4\u001b[39m\n              \u001b[33mstyle\u001b[39m=\u001b[32m\"margin-bottom: 15px;\"\u001b[39m\n            \u001b[36m>\u001b[39m\n              \u001b[0mResumen en USD\u001b[0m\n            \u001b[36m</h4>\u001b[39m\n            \u001b[36m<div\u001b[39m\n              \u001b[33mstyle\u001b[39m=\u001b[32m\"display: flex; justify-content: space-between; margin-bottom: 8px;\"\u001b[39m\n            \u001b[36m>\u001b[39m\n              \u001b[36m<span>\u001b[39m\n                \u001b[0mSubtotal:\u001b[0m\n              \u001b[36m</span>\u001b[39m\n              \u001b[36m<span>\u001b[39m\n                \u001b[0m$\u001b[0m\n                \u001b[0m0.00\u001b[0m\n              \u001b[36m</span>\u001b[39m\n            \u001b[36m</div>\u001b[39m\n            \u001b[36m<div\u001b[39m\n              \u001b[33mstyle\u001b[39m=\u001b[32m\"display: flex; justify-content: space-between; margin-bottom: 8px;\"\u001b[39m\n            \u001b[36m>\u001b[39m\n              \u001b[36m<span>\u001b[39m\n                \u001b[0mIVA (16%):\u001b[0m\n              \u001b[36m</span>\u001b[39m\n              \u001b[36m<span>\u001b[39m\n                \u001b[0m$\u001b[0m\n                \u001b[0m0.00\u001b[0m\n              \u001b[36m</span>\u001b[39m\n            \u001b[36m</div>\u001b[39m\n            \u001b[36m<div\u001b[39m\n              \u001b[33mstyle\u001b[39m=\u001b[32m\"display: flex; justify-content: space-between; margin-bottom: 8px; font-weight: 700; font-size: 1.1rem;\"\u001b[39m\n            \u001b[36m>\u001b[39m\n              \u001b[36m<span>\u001b[39m\n                \u001b[0mTotal USD:\u001b[0m\n              \u001b[36m</span>\u001b[39m\n              \u001b[36m<span\u001b[39m\n                \u001b[33mclass\u001b[39m=\u001b[32m\"text-cyan\"\u001b[39m\n              \u001b[36m>\u001b[39m\n                \u001b[0m$\u001b[0m\n                \u001b[0m0.00\u001b[0m\n              \u001b[36m</span>\u001b[39m\n            \u001b[36m</div>\u001b[39m\n          \u001b[36m</div>\u001b[39m\n          \u001b[36m<div>\u001b[39m\n            \u001b[36m<h4\u001b[39m\n              \u001b[33mstyle\u001b[39m=\u001b[32m\"margin-bottom: 15px;\"\u001b[39m\n            \u001b[36m>\u001b[39m\n              \u001b[0mTotal en VES\u001b[0m\n            \u001b[36m</h4>\u001b[39m\n            \u001b[36m<div\u001b[39m\n              \u001b[33mstyle\u001b[39m=\u001b[32m\"display: flex; justify-content: space-between; font-weight: 700; font-size: 1.3rem;\"\u001b[39m\n            \u001b[36m>\u001b[39m\n              \u001b[36m<span>\u001b[39m\n                \u001b[0mTotal:\u001b[0m\n              \u001b[36m</span>\u001b[39m\n              \u001b[36m<span\u001b[39m\n                \u001b[33mclass\u001b[39m=\u001b[32m\"text-cyan\"\u001b[39m\n              \u001b[36m>\u001b[39m\n                \u001b[0mBs. \u001b[0m\n                \u001b[0m0.00\u001b[0m\n              \u001b[36m</span>\u001b[39m\n            \u001b[36m</div>\u001b[39m\n            \u001b[36m<div\u001b[39m\n              \u001b[33mstyle\u001b[39m=\u001b[32m\"font-size: 0.85rem; color: var(--text-secondary); margin-top: 5px;\"\u001b[39m\n            \u001b[36m>\u001b[39m\n              \u001b[0mTasa: \u001b[0m\n              \u001b[0m36\u001b[0m\n              \u001b[0m VES/USD\u001b[0m\n            \u001b[36m</div>\u001b[39m\n          \u001b[36m</div>\u001b[39m\n        \u001b[36m</div>\u001b[39m\n      \u001b[36m</div>\u001b[39m\n      \u001b[36m<div\u001b[39m\n        \u001b[33mclass\u001b[39m=\u001b[32m\"form-actions\"\u001b[39m\n        \u001b[33mstyle\u001b[39m=\u001b[32m\"margin-top: 20px; display: flex; gap: 10px; justify-content: flex-end;\"\u001b[39m\n      \u001b[36m>\u001b[39m\n        \u001b[36m<button\u001b[39m\n          \u001b[33mclass\u001b[39m=\u001b[32m\"btn-primary\"\u001b[39m\n        \u001b[36m>\u001b[39m\n          \u001b[0m≡ƒÆ╛ Procesar Factura\u001b[0m\n        \u001b[36m</button>\u001b[39m\n      \u001b[36m</div>\u001b[39m\n    \u001b[36m</div>\u001b[39m\n  \u001b[36m</div>\u001b[39m\n\u001b[36m</body>\u001b[39m\n\nIgnored nodes: comments, script, style\n\u001b[36m<html>\u001b[39m\n  \u001b[36m<head />\u001b[39m\n  \u001b[36m<body>\u001b[39m\n    \u001b[36m<div>\u001b[39m\n      \u001b[36m<div\u001b[39m\n        \u001b[33mclass\u001b[39m=\u001b[32m\"patient-list animate-in\"\u001b[39m\n      \u001b[36m>\u001b[39m\n        \u001b[36m<div\u001b[39m\n          \u001b[33mclass\u001b[39m=\u001b[32m\"patient-form-grid\"\u001b[39m\n          \u001b[33mstyle\u001b[39m=\u001b[32m\"margin-top: 0px; margin-bottom: 20px;\"\u001b[39m\n        \u001b[36m>\u001b[39m\n          \u001b[36m<div\u001b[39m\n            \u001b[33mclass\u001b[39m=\u001b[32m\"form-group full-width\"\u001b[39m\n          \u001b[36m>\u001b[39m\n            \u001b[36m<label>\u001b[39m\n              \u001b[0mPaciente *\u001b[0m\n            \u001b[36m</label>\u001b[39m\n            \u001b[36m<div\u001b[39m\n              \u001b[33mstyle\u001b[39m=\u001b[32m\"position: relative;\"\u001b[39m\n            \u001b[36m>\u001b[39m\n              \u001b[36m<input\u001b[39m\n                \u001b[33mautocomplete\u001b[39m=\u001b[32m\"off\"\u001b[39m\n                \u001b[33mplaceholder\u001b[39m=\u001b[32m\"Buscar paciente por nombre o c├⌐dula...\"\u001b[39m\n                \u001b[33mtype\u001b[39m=\u001b[32m\"text\"\u001b[39m\n                \u001b[33mvalue\u001b[39m=\u001b[32m\"\"\u001b[39m\n              \u001b[36m/>\u001b[39m\n            \u001b[36m</div>\u001b[39m\n          \u001b[36m</div>\u001b[39m\n          \u001b[36m<div\u001b[39m\n            \u001b[33mclass\u001b[39m=\u001b[32m\"form-group\"\u001b[39m\n          \u001b[36m>\u001b[39m\n            \u001b[36m<label>\u001b[39m\n              \u001b[0mM├⌐dico Tratante *\u001b[0m\n            \u001b[36m</label>\u001b[39m\n            \u001b[36m<select>\u001b[39m\n              \u001b[36m<option\u001b[39m\n                \u001b[33mvalue\u001b[39m=\u001b[32m\"\"\u001b[39m\n              \u001b[36m>\u001b[39m\n                \u001b[0mSeleccione un m├⌐dico...\u001b[0m\n              \u001b[36m</option>\u001b[39m\n              \u001b[36m<option\u001b[39m\n                \u001b[33mvalue\u001b[39m=\u001b[32m\"1\"\u001b[39m\n              \u001b[36m>\u001b[39m\n                \u001b[0mDr. House\u001b[0m\n                \u001b[0m (\u001b[0m\n                \u001b[0mMedicina General\u001b[0m\n                \u001b[0m) - \u001b[0m\n                \u001b[0m10\u001b[0m\n                \u001b[0m% comisi├│n\u001b[0m\n              \u001b[36m</option>\u001b[39m\n            \u001b[36m</select>\u001b[39m\n          \u001b[36m</div>\u001b[39m\n          \u001b[36m<div\u001b[39m\n            \u001b[33mclass\u001b[39m=\u001b[32m\"form-group\"\u001b[39m\n          \u001b[36m>\u001b[39m\n            \u001b[36m<label>\u001b[39m\n              \u001b[0mTasa de Cambio (USD ΓåÆ VES) *\u001b[0m\n            \u001b[36m</label>\u001b[39m\n            \u001b[36m<input\u001b[39m\n              \u001b[33mid\u001b[39m=\u001b[32m\"exchange-rate-input\"\u001b[39m\n              \u001b[33minputmode\u001b[39m=\u001b[32m\"decimal\"\u001b[39m\n              \u001b[33mplaceholder\u001b[39m=\u001b[32m\"Ej: 144.50\"\u001b[39m\n              \u001b[33mtype\u001b[39m=\u001b[32m\"text\"\u001b[39m\n              \u001b[33mvalue\u001b[39m=\u001b[32m\"36\"\u001b[39m\n            \u001b[36m/>\u001b[39m\n            \u001b[36m<span\u001b[39m\n              \u001b[33mstyle\u001b[39m=\u001b[32m\"font-size: 0.82rem; color: var(--text-secondary); margin-top: 4px; display: block;\"\u001b[39m\n            \u001b[36m>\u001b[39m\n              \u001b[0m1 USD = \u001b[0m\n              \u001b[0m36.00\u001b[0m\n              \u001b[0m VES\u001b[0m\n            \u001b[36m</span>\u001b[39m\n          \u001b[36m</div>\u001b[39m\n        \u001b[36m</div>\u001b[39m\n        \u001b[36m<hr\u001b[39m\n          \u001b[33mstyle\u001b[39m=\u001b[32m\"margin: 20px 0px; border-color: var(--border-color);\"\u001b[39m\n        \u001b[36m/>\u001b[39m\n        \u001b[36m<div\u001b[39m\n          \u001b[33mclass\u001b[39m=\u001b[32m\"form-group\"\u001b[39m\n        \u001b[36m>\u001b[39m\n          \u001b[36m<label>\u001b[39m\n            \u001b[0mAgregar Servicios\u001b[0m\n          \u001b[36m</label>\u001b[39m\n          \u001b[36m<div\u001b[39m\n            \u001b[33mstyle\u001b[39m=\u001b[32m\"display: flex; gap: 10px;\"\u001b[39m\n          \u001b[36m>\u001b[39m\n            \u001b[36m<select\u001b[39m\n              \u001b[33mclass\u001b[39m=\u001b[32m\"form-input\"\u001b[39m\n              \u001b[33mstyle\u001b[39m=\u001b[32m\"flex: 2 1 0%;\"\u001b[39m\n            \u001b[36m>\u001b[39m\n              \u001b[36m<option\u001b[39m\n                \u001b[33mdisabled\u001b[39m=\u001b[32m\"\"\u001b[39m\n                \u001b[33mselected\u001b[39m=\u001b[32m\"\"\u001b[39m\n                \u001b[33mvalue\u001b[39m=\u001b[32m\"\"\u001b[39m\n              \u001b[36m>\u001b[39m\n                \u001b[0mSeleccione un servicio...\u001b[0m\n              \u001b[36m</option>\u001b[39m\n              \u001b[36m<option\u001b[39m\n                \u001b[33mvalue\u001b[39m=\u001b[32m\"1\"\u001b[39m\n              \u001b[36m>\u001b[39m\n                \u001b[0mConsulta General\u001b[0m\n                \u001b[0m - $\u001b[0m\n                \u001b[0m30.00\u001b[0m\n                \u001b[0m (\u001b[0m\n                \u001b[0mExento\u001b[0m\n                \u001b[0m)\u001b[0m\n              \u001b[36m</option>\u001b[39m\n              \u001b[36m<option\u001b[39m\n                \u001b[33mvalue\u001b[39m=\u001b[32m\"2\"\u001b[39m\n              \u001b[36m>\u001b[39m\n                \u001b[0mElectrocardiograma\u001b[0m\n                \u001b[0m - $\u001b[0m\n                \u001b[0m50.00\u001b[0m\n                \u001b[0m (\u001b[0m\n                \u001b[0mIVA 16%\u001b[0m\n                \u001b[0m)\u001b[0m\n              \u001b[36m</option>\u001b[39m\n            \u001b[36m</select>\u001b[39m\n          \u001b[36m</div>\u001b[39m\n        \u001b[36m</div>\u001b[39m\n        \u001b[36m<div\u001b[39m\n          \u001b[33mclass\u001b[39m=\u001b[32m\"totals-panel glassmorphism\"\u001b[39m\n          \u001b[33mstyle\u001b[39m=\u001b[32m\"margin-top: 20px; padding: 20px; border-radius: 12px; background: var(--bg-secondary); border: 1px solid var(--border-color);\"\u001b[39m\n        \u001b[36m>\u001b[39m\n          \u001b[36m<div\u001b[39m\n            \u001b[33mstyle\u001b[39m=\u001b[32m\"display: grid; grid-template-columns: 1fr 1fr; gap: 30px;\"\u001b[39m\n          \u001b[36m>\u001b[39m\n            \u001b[36m<div>\u001b[39m\n              \u001b[36m<h4\u001b[39m\n                \u001b[33mstyle\u001b[39m=\u001b[32m\"margin-bottom: 15px;\"\u001b[39m\n              \u001b[36m>\u001b[39m\n                \u001b[0mResumen en USD\u001b[0m\n              \u001b[36m</h4>\u001b[39m\n              \u001b[36m<div\u001b[39m\n                \u001b[33mstyle\u001b[39m=\u001b[32m\"display: flex; justify-content: space-between; margin-bottom: 8px;\"\u001b[39m\n              \u001b[36m>\u001b[39m\n                \u001b[36m<span>\u001b[39m\n                  \u001b[0mSubtotal:\u001b[0m\n                \u001b[36m</span>\u001b[39m\n                \u001b[36m<span>\u001b[39m\n                  \u001b[0m$\u001b[0m\n                  \u001b[0m0.00\u001b[0m\n                \u001b[36m</span>\u001b[39m\n              \u001b[36m</div>\u001b[39m\n              \u001b[36m<div\u001b[39m\n                \u001b[33mstyle\u001b[39m=\u001b[32m\"display: flex; justify-content: space-between; margin-bottom: 8px;\"\u001b[39m\n              \u001b[36m>\u001b[39m\n                \u001b[36m<span>\u001b[39m\n                  \u001b[0mIVA (16%):\u001b[0m\n                \u001b[36m</span>\u001b[39m\n                \u001b[36m<span>\u001b[39m\n                  \u001b[0m$\u001b[0m\n                  \u001b[0m0.00\u001b[0m\n                \u001b[36m</span>\u001b[39m\n              \u001b[36m</div>\u001b[39m\n              \u001b[36m<div\u001b[39m\n                \u001b[33mstyle\u001b[39m=\u001b[32m\"display: flex; justify-content: space-between; margin-bottom: 8px; font-weight: 700; font-size: 1.1rem;\"\u001b[39m\n              \u001b[36m>\u001b[39m\n                \u001b[36m<span>\u001b[39m\n                  \u001b[0mTotal USD:\u001b[0m\n                \u001b[36m</span>\u001b[39m\n                \u001b[36m<span\u001b[39m\n                  \u001b[33mclass\u001b[39m=\u001b[32m\"text-cyan\"\u001b[39m\n                \u001b[36m>\u001b[39m\n                  \u001b[0m$\u001b[0m\n                  \u001b[0m0.00\u001b[0m\n                \u001b[36m</span>\u001b[39m\n              \u001b[36m</div>\u001b[39m\n            \u001b[36m</div>\u001b[39m\n            \u001b[36m<div>\u001b[39m\n              \u001b[36m<h4\u001b[39m\n                \u001b[33mstyle\u001b[39m=\u001b[32m\"margin-bottom: 15px;\"\u001b[39m\n              \u001b[36m>\u001b[39m\n                \u001b[0mTotal en VES\u001b[0m\n              \u001b[36m</h4>\u001b[39m\n              \u001b[36m<div\u001b[39m\n                \u001b[33mstyle\u001b[39m=\u001b[32m\"display: flex; justify-content: space-between; font-weight: 700; font-size: 1.3rem;\"\u001b[39m\n              \u001b[36m>\u001b[39m\n                \u001b[36m<span>\u001b[39m\n                  \u001b[0mTotal:\u001b[0m\n                \u001b[36m</span>\u001b[39m\n                \u001b[36m<span\u001b[39m\n                  \u001b[33mclass\u001b[39m=\u001b[32m\"text-cyan\"\u001b[39m\n                \u001b[36m>\u001b[39m\n                  \u001b[0mBs. \u001b[0m\n                  \u001b[0m0.00\u001b[0m\n                \u001b[36m</span>\u001b[39m\n              \u001b[36m</div>\u001b[39m\n              \u001b[36m<div\u001b[39m\n                \u001b[33mstyle\u001b[39m=\u001b[32m\"font-size: 0.85rem; color: var(--text-secondary); margin-top: 5px;\"\u001b[39m\n              \u001b[36m>\u001b[39m\n                \u001b[0mTasa: \u001b[0m\n                \u001b[0m36\u001b[0m\n                \u001b[0m VES/USD\u001b[0m\n              \u001b[36m</div>\u001b[39m\n            \u001b[36m</div>\u001b[39m\n          \u001b[36m</div>\u001b[39m\n        \u001b[36m</div>\u001b[39m\n        \u001b[36m<div\u001b[39m\n          \u001b[33mclass\u001b[39m=\u001b[32m\"form-actions\"\u001b[39m\n          \u001b[33mstyle\u001b[39m=\u001b[32m\"margin-top: 20px; display: flex; gap: 10px; justify-content: flex-end;\"\u001b[39m\n        \u001b[36m>\u001b[39m\n          \u001b[36m<button\u001b[39m\n            \u001b[33mclass\u001b[39m=\u001b[32m\"btn-primary\"\u001b[39m\n          \u001b[36m>\u001b[39m\n            \u001b[0m≡ƒÆ╛ Procesar Factura\u001b[0m\n          \u001b[36m</button>\u001b[39m\n        \u001b[36m</div>\u001b[39m\n      \u001b[36m</div>\u001b[39m\n    \u001b[36m</div>\u001b[39m\n  \u001b[36m</body>\u001b[39m\n\u001b[36m</html>\u001b[39m"],"location":{"line":163,"column":27}}],"startTime":1775594942965,"endTime":1775594945197,"status":"failed","message":"","name":"C:/Users/Admin/Desktop/Programa 01/src/components/Billing/InvoiceForm.test.jsx"}]}
